
// File generated by darts version U-2022.12#3eec2545bc#230622, Fri Jul 12 14:52:02 2024
// Copyright 2014-2022 Synopsys, Inc. All rights reserved.
// darts -I/proj/xbuilds/2023.2_INT_1013_2256/installs/all_platforms/Vitis/2023.2/aietools/data/aie_ml/lib -d -h -I/proj/xbuilds/2023.2_INT_1013_2256/installs/all_platforms/Vitis/2023.2/aietools/data/aie_ml/lib/runtime_cxx/libcxx-lite/include -I/proj/xbuilds/2023.2_INT_1013_2256/installs/all_platforms/Vitis/2023.2/aietools/data/aie_ml/lib/runtime_cxx/libs/libcxx-9.0.0/include-lite -I/proj/xbuilds/2023.2_INT_1013_2256/installs/all_platforms/Vitis/2023.2/aietools/data/aie_ml/lib/runtime/include -I<BOOST_DIR> -D__AIENGINE__ -D__AIE_ARCH__=20 -D__AIEARCH__=20 -D__tct_tgt__=230622 -L +Ihex +nanno /scratch/gagandee/mlir-aie_asplos_GIT_NEW_KRISTOF/programming_examples/ml/average_pooling/build/aie.mlir.prj/input.o me

// Release: ipp U-2022.12-TGT-230622
.undef global data _ZN12me_primitive11control_satE

.undef global data _ZN12me_primitive11control_rndE

.undef global data act_L2_02_cons_buff_0

.undef global data out_02_L2_buff_0

.text_segment_name
.text global 16 sequence
.function_start
	     0    0x10 0x00 0x18 0x19                                                                                                                                                        RET lr
.delay_slot
.swstall delay_slot
	     4    0x00 0x01                                                                        NOPX
.delay_slot
.swstall delay_slot
	     6    0x00 0x01                                                                        NOPX
.delay_slot
.swstall delay_slot
	     8    0x00 0x01                                                                        NOPX
.delay_slot
.swstall delay_slot
	    10    0x00 0x01                                                                        NOPX
.label sequence__end last
.delay_slot
.swstall delay_slot
	    12    0x00 0x00 0x00 0x19                                                              NOPA

.text_segment_name
.text global 10 core_0_2
.function_start
	     0    0x00 0x03 0x40 0x01 0x50 0x08 0x65 0x4b 0x28 0x3b                                                              PADDB [sp], #64;                                            MOVX r21, #0;                 MOV r3, r21
	    10    0xff 0xac 0x00 0x3f 0x47 0xe8 0x25 0x0b 0x29 0x3b                                                                                            ST r16, [sp, #-24];           MOVX r20, #-1;                MOV r1, r20
	    20    0xff 0xfc 0x40 0x01 0x10 0x08 0x85 0xcb 0x29 0x3b                                                                                            ST r17, [sp, #-4];            MOVX r17, #0;                 MOV r4, r23
	    30    0xff 0x7c 0x80 0x01 0x20 0x08 0x45 0x8b 0x29 0x3b                                                                                            ST r18, [sp, #-36];           MOVX r18, #0;                 MOV r2, r22
	    40    0xff 0x8f 0xd0 0x00 0x04 0xcb 0x20 0x03                                                                                                      ST p7, [sp, #-32];                                          MOV r0, r19
	    48    0xff 0x9e 0xd0 0x1f 0xff 0xfe 0x07 0xff 0x91 0x3b                                                                                            ST p6, [sp, #-28];            MOVXM r16, #2147483647
	    58    0x0f 0xfd 0xc8 0x19                                                                                                                          ST r4, [sp, #-20]
	    62    0x0f 0xfe 0x44 0x19                                                                                                                          ST r2, [sp, #-16]
	    66    0x0f 0xfe 0xc6 0x19                                                                                                                          ST r3, [sp, #-12]
	    70    0x0f 0xff 0x42 0x19                                                                                                                          ST r1, [sp, #-8]
	    74    0x00 0x00 0x07 0xfb 0x40 0x35                                                    NOPA;                                                       ST r0, [sp, #-40]
	    80    0x00 0x00 0x00 0x00 0x07 0xfa 0xc2 0x80 0x00 0x00 0x00 0x03 0x88 0x00 0x03 0xc0  NOPA;                         NOPB;                         ST lr, [sp, #-44];            NOPX;                         NOPM;                                   NOPV
.label TGT_Fcore_0_2_96
.loop_nesting 1
.no_stack_arguments
	    96    0x00 0x00 0x00 0x00 0x01 0x15                                                                                                                                              JL #llvm___aie2___acquire
.delay_slot
	   102    0x00 0x00 0x06 0x28 0x27 0xff 0xc8 0x43                                                                                                                                    MOVX r0, #49;                 MOV r1, #-1
.delay_slot
.swstall delay_slot
	   110    0x00 0x01                                                                        NOPX
.delay_slot
.swstall delay_slot
	   112    0x00 0x01                                                                        NOPX
.delay_slot
.swstall delay_slot
	   114    0x00 0x01                                                                        NOPX
.delay_slot
.swstall delay_slot
	   116    0x00 0x00 0x00 0x00 0x00 0x00 0x00 0x00 0x00 0x00 0x01 0x37                      NOPA;                         NOPB;                         NOPS;                         NOPX
.return_address
.no_stack_arguments
	   128    0x00 0x00 0x00 0x00 0x01 0x15                                                                                                                                              JL #llvm___aie2___acquire
.delay_slot
	   134    0x00 0x3e 0x17 0xe8 0x00 0x67 0x48 0x43                                                                                                                                    MOVX r1, #-1;                 MOV r0, #50
.delay_slot
.swstall delay_slot
	   142    0x00 0x01                                                                        NOPX
.delay_slot
.swstall delay_slot
	   144    0x00 0x01                                                                        NOPX
.delay_slot
.swstall delay_slot
	   146    0x00 0x01                                                                        NOPX
.delay_slot
.swstall delay_slot
	   148    0x00 0x00 0x00 0x00 0x00 0x00 0x00 0x00 0x00 0x00 0x01 0x37                      NOPA;                         NOPB;                         NOPS;                         NOPX
.return_address
.no_stack_arguments
	   160    0x00 0x00 0x00 0x00 0x01 0x15                                                                                                                                              JL #average_pooling
.delay_slot
	   166    0x00 0x00 0x00 0x60 0x00 0x55                                                                                                                                              MOVXM p0, #act_L2_02_cons_buff_0
.delay_slot
	   172    0x00 0xe0 0xc8 0x00 0x00 0x00 0x98 0x00 0x10 0xbb                                MOVA r3, #7;                                                                              MOVXM p1, #out_02_L2_buff_0
.delay_slot
	   182    0x20 0x00 0x88 0x00 0x10 0xe8 0x00 0x0f 0xc8 0xbb                                MOVA r2, #256;                                                                            MOVX r1, #7;                  MOV r0, #7
.delay_slot
.swstall delay_slot
	   192    0x00 0x01                                                                        NOPX
.delay_slot
.swstall delay_slot
	   194    0x00 0x00 0x00 0x00 0x00 0x00 0x00 0x40 0x00 0x38 0x00 0x00 0x78 0x2f            NOPA;                                                       NOPS;                                                       NOPM;                                   NOPV
.return_address
.no_stack_arguments
	   208    0x00 0x00 0x00 0x00 0x01 0x15                                                                                                                                              JL #llvm___aie2___release
.delay_slot
	   214    0x00 0x00 0x06 0x08 0x20 0x03 0xc8 0x43                                                                                                                                    MOVX r0, #48;                 MOV r1, #1
.delay_slot
.swstall delay_slot
	   222    0x00 0x01                                                                        NOPX
.delay_slot
.swstall delay_slot
	   224    0x00 0x01                                                                        NOPX
.delay_slot
.swstall delay_slot
	   226    0x00 0x01                                                                        NOPX
.delay_slot
.swstall delay_slot
	   228    0x00 0x00 0x00 0x00 0x00 0x00 0x00 0x00 0x00 0x00 0x01 0x37                      NOPA;                         NOPB;                         NOPS;                         NOPX
.return_address
.no_stack_arguments
	   240    0x00 0x00 0x00 0x00 0x01 0x15                                                                                                                                              JL #llvm___aie2___release
.delay_slot
	   246    0x00 0x00 0x06 0x68 0x20 0x03 0xc8 0x43                                                                                                                                    MOVX r0, #51;                 MOV r1, #1
.delay_slot
.swstall delay_slot
	   254    0x00 0x01                                                                        NOPX
.delay_slot
.swstall delay_slot
	   256    0x00 0x01                                                                        NOPX
.delay_slot
.swstall delay_slot
	   258    0x00 0x01                                                                        NOPX
.delay_slot
.swstall delay_slot
	   260    0x00 0x00 0x00 0x00 0x00 0x00 0x00 0x00 0x00 0x00 0x01 0x37                      NOPA;                         NOPB;                         NOPS;                         NOPX
.return_address
	   272    0x14 0x62 0x07 0x19                                                                                                                                                        ADD r17, r17, #1
	   276    0x15 0x65 0x22 0x99                                                                                                                                                        ADC r18, r21, r18
	   280    0x14 0xb1 0x08 0x99                                                                                                                                                        NE r24, r18, r16
	   284    0x14 0x73 0x48 0x99                                                                                                                                                        NE r25, r17, r20
	   288    0x16 0x71 0x85 0x99                                                                                                                                                        OR r24, r25, r24
	   292    0xc0 0x00 0x30 0x40 0x01 0x95                                                                                                                                              JNZ r24, #TGT_Fcore_0_2_96
.delay_slot
.swstall delay_slot
	   298    0x00 0x01                                                                        NOPX
.delay_slot
.swstall delay_slot
	   300    0x00 0x01                                                                        NOPX
.delay_slot
.swstall delay_slot
	   302    0x00 0x01                                                                        NOPX
.delay_slot
.swstall delay_slot
	   304    0x00 0x01                                                                        NOPX
.delay_slot
.swstall delay_slot
	   306    0x00 0x01                                                                        NOPX
.loop_nesting 0
	   308    0x07 0xfa 0xc2 0xd9                                                              LDA lr, [sp, #-44]
	   312    0x07 0xfb 0x66 0x59                                                              LDA r19, [sp, #-40]
	   316    0x07 0xfb 0xe4 0x59                                                              LDA r18, [sp, #-36]
	   320    0x07 0xff 0xe2 0x59                                                              LDA r17, [sp, #-4]
	   324    0x07 0xff 0x68 0x59                                                              LDA r20, [sp, #-8]
	   328    0x07 0xfe 0xea 0x59                                                              LDA r21, [sp, #-12]
	   332    0x07 0xfe 0x6c 0x59                                                              LDA r22, [sp, #-16]
	   336    0x07 0xfd 0xee 0x59                                                              LDA r23, [sp, #-20]
	   340    0x07 0xfd 0x60 0x59                                                              LDA r16, [sp, #-24]
	   344    0x07 0xfc 0xf6 0xd9                                                              LDA p6, [sp, #-28]
	   348    0x07 0xfc 0x7e 0xd9                                                              LDA p7, [sp, #-32]
	   352    0x10 0x00 0x18 0x19                                                                                                                                                        RET lr
.delay_slot
.swstall delay_slot
	   356    0x00 0x01                                                                        NOPX
.delay_slot
.swstall delay_slot
	   358    0x00 0x01                                                                        NOPX
.delay_slot
.swstall delay_slot
	   360    0x00 0x01                                                                        NOPX
.delay_slot
.swstall delay_slot
	   362    0x00 0x01                                                                        NOPX
.label core_0_2__end last
.delay_slot
	   364    0x3f 0xff 0xc0 0x19                                                                                            PADDB [sp], #-64

.undef global data act_L2_02_cons_buff_0

.undef global data out_02_L2_buff_0

.undef global text llvm___aie2___acquire

.undef global text average_pooling

.undef global text llvm___aie2___release

.text_segment_name
.text global 10 llvm___aie2___acquire
.function_start
	     0    0x10 0x12 0x12 0x19                                                                                                                                                        ACQ r0, r1
	     4    0x10 0x00 0x18 0x19                                                                                                                                                        RET lr
.delay_slot
.swstall delay_slot
	     8    0x00 0x01                                                                        NOPX
.delay_slot
.swstall delay_slot
	    10    0x00 0x01                                                                        NOPX
.delay_slot
.swstall delay_slot
	    12    0x00 0x01                                                                        NOPX
.delay_slot
.swstall delay_slot
	    14    0x00 0x01                                                                        NOPX
.label llvm___aie2___acquire__end last
.delay_slot
.swstall delay_slot
	    16    0x00 0x00 0x00 0x00 0x00 0x00 0x00 0x00 0x00 0x00 0x00 0x03 0x88 0x00 0x03 0xc0  NOPA;                         NOPB;                         NOPS;                         NOPX;                         NOPM;                                   NOPV

.text_segment_name
.text global 10 llvm___aie2___release
.function_start
	     0    0x00 0x01                                                                        NOPX
	     2    0x00 0x01                                                                        NOPX
	     4    0x00 0x01                                                                        NOPX
	     6    0x00 0x01                                                                        NOPX
	     8    0x00 0x01                                                                        NOPX
	    10    0x00 0x01                                                                        NOPX
	    12    0x10 0x10 0x12 0x19                                                                                                                                                        REL r0, r1
	    16    0x10 0x00 0x18 0x19                                                                                                                                                        RET lr
.delay_slot
.swstall delay_slot
	    20    0x00 0x01                                                                        NOPX
.delay_slot
.swstall delay_slot
	    22    0x00 0x01                                                                        NOPX
.delay_slot
.swstall delay_slot
	    24    0x00 0x01                                                                        NOPX
.delay_slot
.swstall delay_slot
	    26    0x00 0x01                                                                        NOPX
.label llvm___aie2___release__end last
.delay_slot
.swstall delay_slot
	    28    0x00 0x00 0x00 0x19                                                              NOPA

.text_segment_name
.text global 10 llvm___aie___event0
.function_start
	     0    0x10 0x00 0x18 0x19                                                                                                                                                        RET lr
.delay_slot
	     4    0x10 0x00 0x10 0x19                                                                                                                                                        EVENT #0
.delay_slot
.swstall delay_slot
	     8    0x00 0x01                                                                        NOPX
.delay_slot
.swstall delay_slot
	    10    0x00 0x01                                                                        NOPX
.delay_slot
.swstall delay_slot
	    12    0x00 0x01                                                                        NOPX
.label llvm___aie___event0__end last
.delay_slot
.swstall delay_slot
	    14    0x00 0x01                                                                        NOPX

.text_segment_name
.text global 10 llvm___aie___event1
.function_start
	     0    0x10 0x00 0x18 0x19                                                                                                                                                        RET lr
.delay_slot
	     4    0x12 0x00 0x10 0x19                                                                                                                                                        EVENT #1
.delay_slot
.swstall delay_slot
	     8    0x00 0x01                                                                        NOPX
.delay_slot
.swstall delay_slot
	    10    0x00 0x01                                                                        NOPX
.delay_slot
.swstall delay_slot
	    12    0x00 0x01                                                                        NOPX
.label llvm___aie___event1__end last
.delay_slot
.swstall delay_slot
	    14    0x00 0x01                                                                        NOPX

