
// File generated by darts version U-2022.12#3eec2545bc#230622, Wed Jun  5 12:32:30 2024
// Copyright 2014-2022 Synopsys, Inc. All rights reserved.
// darts -I/proj/xbuilds/2023.2_INT_1013_2256/installs/all_platforms/Vitis/2023.2/aietools/data/aie_ml/lib -d -h -I/proj/xbuilds/2023.2_INT_1013_2256/installs/all_platforms/Vitis/2023.2/aietools/include -I/proj/xbuilds/2023.2_INT_1013_2256/installs/all_platforms/Vitis/2023.2/aietools/data/aie_ml/lib/runtime_cxx/libcxx-lite/include -I/proj/xbuilds/2023.2_INT_1013_2256/installs/all_platforms/Vitis/2023.2/aietools/data/aie_ml/lib/runtime_cxx/libs/libcxx-9.0.0/include-lite -I/proj/xbuilds/2023.2_INT_1013_2256/installs/all_platforms/Vitis/2023.2/aietools/data/aie_ml/lib/runtime/include -I/proj/xbuilds/2023.2_INT_daily_latest/installs/lin64/Vitis/2023.2/aietools/tps/boost_1_64_0 -D__AIENGINE__=2 -D__AIEARCH__=20 -DPUT -D__tct_tgt__=230622 -L +Ihex +nanno build/conv2dk1_skip_put.o me

// Release: ipp U-2022.12-TGT-230622
.undef global data _ZN12me_primitive11control_satE

.undef global data _ZN12me_primitive11control_rndE

.text_segment_name
.text global 16 _Z39conv2dk1_skip_ui8_i8_scalar_cascade_putPhPaiii
.function_start
	     0    0x10 0x03 0x80 0x0c 0x21 0x05                                                                                  PADDB [sp], #128;                                           MOVX r6, #8
	     6    0xff 0x8d 0x80 0xac 0x6a 0xbd                                                                                                                ST r22, [sp, #-32];           LT r22, r2, r6
	    12    0x0f 0xfb 0x66 0x19                                                                                                                          ST r19, [sp, #-40]
	    16    0x0f 0xfb 0xee 0x19                                                                                                                          ST r23, [sp, #-36]
	    20    0x0f 0xfc 0xea 0x19                                                                                                                          ST r21, [sp, #-28]
	    24    0x0f 0xfd 0x68 0x19                                                                                                                          ST r20, [sp, #-24]
	    28    0xff 0xbc 0x80 0x2c 0x00 0x6a 0x10 0x00 0x61 0x3b                                                                                            ST r18, [sp, #-20];           JNZ r22, #TGT_F_Z39conv2dk1_skip_ui8_i8_scalar_cascade_putPhPaiii_848
.delay_slot
	    38    0xff 0xee 0xd0 0x00 0x00 0x80 0x87 0xc3 0xc9 0x3b                                                                                            ST p6, [sp, #-8];             EVENT #0;                     MOV r4, #-31
.delay_slot
	    48    0xff 0xff 0xd0 0x04 0x72 0x74 0x67 0xc7 0xc9 0x3b                                                                                            ST p7, [sp, #-4];             ASHL r7, r2, r4;              MOV r3, #-29
.delay_slot
	    58    0xff 0x59 0xd1 0xe6 0x3d 0xbd                                                                                                                ST p1, [sp, #-44];            LSHL r19, r7, r3
.delay_slot
	    64    0xff 0xa1 0x4f 0xfe 0x62 0x27 0x71 0x04 0x61 0x3b 0x28 0x77                      MOVA r5, #-3;                                               ST r17, [sp, #-16];           ADD r23, r19, r2;             MOV r3, p1
.delay_slot
	    76    0xff 0xdc 0x00 0x2f 0x52 0xf6 0x60 0x3b 0x29 0x3b                                                                                            ST r16, [sp, #-12];           ASHL r21, r23, r5;            MOV r19, p0
	    86    0xff 0x85 0x08 0x03 0x12 0x76 0x07 0xcb 0x48 0xbb                                MOVA r20, #-4;                                                                            ASHL r17, r1, r4;             MOV r16, #-28
	    96    0x00 0x05 0xc8 0x23 0x08 0x6e 0x20 0x3f 0xf8 0xbb                                MOVA r23, #0;                                                                             LSHL r16, r17, r16;           ADD.NC r17, r0, #-1
	   106    0x00 0x64 0x0f 0xf9 0xe2 0x03 0x28 0x04 0xc0 0x23 0x48 0x77                      MOVA r16, #3;                                               ST r17, [sp, #-52];           ADD r18, r1, r16;             MOV r6, #16
	   118    0x00 0xc4 0x4f 0xfa 0x6e 0x24 0x4a 0x74 0xa5 0x7f 0xf8 0x77                      MOVA r17, #6;                                               ST r23, [sp, #-48];           ASHL r4, r18, r20;            ADD.NC r5, r21, #-1
	   130    0x00 0xe4 0x8f 0xf8 0x48 0x00 0x00 0x03 0x18 0x00 0x10 0x77                      MOVA r18, #7;                                               ST r4, [sp, #-64];            MOVXM p6, #_ZN12me_primitive11control_satE
	   142    0xc0 0x50 0x88 0x02 0x73 0x57 0xa5 0xcb 0x28 0xbb                                LDA r2, [p6, #0];                                                                         LT r7, r1, r6;                MOV r29, r23
	   152    0x00 0x25 0x4f 0xf9 0x4e 0x2e 0x80 0x4c 0x10 0x83 0x48 0x77                      MOVA r21, #1;                                               ST r7, [sp, #-56];            GE r8, r23, r0;               MOV m0, #64
	   164    0x00 0x80 0x0f 0xf8 0xd0 0x01 0x48 0x6e 0xc0 0x07 0x48 0x77                      MOVA r0, #4;                                                ST r8, [sp, #-60];            LSHL r20, r0, r16;            MOV r22, #2
	   176    0x00 0xa0 0x48 0x08 0x98 0xec 0x35 0x0b 0x28 0xbb                                MOVA r1, #5;                                                                              LSHL r9, r4, r17;             MOV m1, r20
	   186    0xfe 0xfa 0x40 0x00 0x00 0x00 0x38 0xe0 0x11 0x3b                                                                                            ST r9, [sp, #-68];            MOVXM ls, #(ZLS_F_Z39conv2dk1_skip_ui8_i8_scalar_cascade_putPhPaiii_448 + 0)
	   196    0x00 0x00 0x08 0xe4 0xe0 0x55                                                                                                                                              MOVXM le, #(ZLE_F_Z39conv2dk1_skip_ui8_i8_scalar_cascade_putPhPaiii_624 + 0)
	   202    0x00 0x00 0x0c 0x61 0xe0 0x55                                                                                                                                              MOVXM p6, #(TGT_F_Z39conv2dk1_skip_ui8_i8_scalar_cascade_putPhPaiii_240 + 0)
	   208    0x00 0x00 0x88 0x05 0x21 0x00 0x58 0x03 0x48 0xbb                                MOVA r2, #0;                                                                              MOVX crSat, r2;               MOV s0, #0
	   218    0x00 0x00 0x0e 0x63 0x00 0x55                                                                                                                                              MOVXM p7, #(TGT_F_Z39conv2dk1_skip_ui8_i8_scalar_cascade_putPhPaiii_384 + 0)
.label TGT_F_Z39conv2dk1_skip_ui8_i8_scalar_cascade_putPhPaiii_224
.loop_nesting 1
	   224    0x00 0x00 0x00 0x00 0x07 0xf7 0x4a 0x00 0x90 0x08 0xa0 0x0f 0xc8 0x00 0x03 0xc0  NOPA;                         NOPB;                         ST r5, [sp, #-72];            MOVX r9, #0;                  MOV r5, #7;                             NOPV
.label TGT_F_Z39conv2dk1_skip_ui8_i8_scalar_cascade_putPhPaiii_240
.loop_nesting 2
	   240    0x40 0x01 0x80 0x40 0x01 0x95                                                                                                                                              JNZ r8, #TGT_F_Z39conv2dk1_skip_ui8_i8_scalar_cascade_putPhPaiii_768
.delay_slot
.swstall delay_slot
	   246    0x00 0x01                                                                        NOPX
.delay_slot
.swstall delay_slot
	   248    0x00 0x01                                                                        NOPX
.delay_slot
.swstall delay_slot
	   250    0x00 0x01                                                                        NOPX
.delay_slot
.swstall delay_slot
	   252    0x00 0x01                                                                        NOPX
.delay_slot
.swstall delay_slot
	   254    0x00 0x01                                                                        NOPX
	   256    0xff 0x4b 0x8a 0x01 0x96 0x6d                                                    LDA r14, [sp, #-48];                                                                                                    ADD.NC r8, r3, #8
	   262    0xfe 0x7a 0x40 0x01 0x42 0x0b 0x30 0x03                                                                                                      ST r9, [sp, #-100];                                         ADD.NC r10, r8, #8
	   270    0xfe 0x69 0x40 0x01 0x82 0x8b 0x30 0x03                                                                                                      ST r5, [sp, #-104];                                         ADD.NC r12, r10, #8
	   278    0xff 0x39 0x4a 0xc6 0x16 0x6d                                                    LDA r5, [sp, #-52];                                                                                                     ADD.NC r11, r12, #8
	   284    0x1b 0x45 0x96 0x79                                                                                                                                                                                      ADD.NC r13, r11, #8
	   288    0x1a 0x36 0x96 0x79                                                                                                                                                                                      ADD.NC p2, r13, #8
	   292    0x02 0x03 0x50 0x34 0x76 0x45                                                                                  PADDB [p2], #8;                                                                           MOV p0, p2
	   298    0x00 0x12 0x97 0x07 0x1c 0xcb 0x28 0x43                                                                                                                                    ADD r9, r9, r14;              MOV p6, r19
	   306    0x00 0x12 0xa5 0x04 0x52 0x4b 0x28 0x43                                                                                                                                    ADD r10, r9, r10;             MOV m2, r9
	   314    0x49 0x06 0x30 0x4b 0x08 0x12 0xc6 0x07 0xfb 0x6a 0x01 0x37                      PADDA [p2], m2;               PADDB [p0], m2;               ST r10, [sp, #-76];           ADD r12, r9, r12
	   326    0xfe 0x8a 0xd0 0x06 0x34 0x84 0x9b 0x0b 0x29 0x3b                                                                                            ST p2, [sp, #-96];            ADD r3, r3, r9;               MOV p1, r12
	   336    0xfe 0x48 0xc0 0x12 0x84 0x04 0x60 0x03 0x49 0x3b                                                                                            ST r3, [sp, #-112];           ADD r8, r9, r8;               MOV r3, #0
	   346    0xfe 0x98 0xd2 0xd4 0x90 0xbd                                                                                                                ST p0, [sp, #-92];            ADD r10, r11, r9
	   352    0xfe 0xba 0x83 0x52 0x90 0xbd                                                                                                                ST r10, [sp, #-84];           ADD r9, r13, r9
	   358    0x0f 0xf5 0x52 0x19                                                                                                                          ST r9, [sp, #-88]
	   362    0x00 0x00 0x07 0xf6 0x58 0x35                                                    NOPA;                                                       ST r12, [sp, #-80]
	   368    0x00 0x00 0x00 0x00 0x07 0xf2 0xd0 0x00 0x00 0x00 0x00 0x03 0x88 0x00 0x03 0xc0  NOPA;                         NOPB;                         ST r8, [sp, #-108];           NOPX;                         NOPM;                                   NOPV
.label TGT_F_Z39conv2dk1_skip_ui8_i8_scalar_cascade_putPhPaiii_384
.loop_nesting 3
	   384    0x38 0x01 0x50 0x40 0x01 0x95                                                                                                                                              JNZ r7, #TGT_F_Z39conv2dk1_skip_ui8_i8_scalar_cascade_putPhPaiii_672
.delay_slot
	   390    0x10 0x32 0x01 0x19                                                                                                                                                        MOVX r25, #0
.delay_slot
.swstall delay_slot
	   394    0x00 0x01                                                                        NOPX
.delay_slot
.swstall delay_slot
	   396    0x00 0x01                                                                        NOPX
.delay_slot
.swstall delay_slot
	   398    0x00 0x01                                                                        NOPX
.delay_slot
.swstall delay_slot
	   400    0x00 0x01                                                                        NOPX
	   402    0xfe 0x4f 0xdd 0x72 0x16 0x4d                                                    LDA p7, [sp, #-112];                                                                                                    MOV lc, r4
	   408    0xfe 0x5a 0xd9 0x0c 0x76 0x4d                                                    LDA p2, [sp, #-108];                                                                                                    MOV r4, p6
	   414    0xfe 0xdb 0xdd 0xc1 0x96 0x4d                                                    LDA p3, [sp, #-76];                                                                                                     MOV r23, r3
	   420    0x0f 0xf1 0xf6 0x99                                                                                                                          ST p6, [sp, #-116]
	   424    0x07 0xf5 0xf6 0xd9                                                              LDA p6, [sp, #-84]
	   428    0x07 0xf5 0x66 0xd9                                                              LDA p4, [sp, #-88]
	   432    0x07 0xf4 0x52 0x59                                                              LDA r9, [sp, #-96]
	   436    0x00 0x01                                                                        NOPX
	   438    0x00 0x00 0x00 0x00 0x00 0x00 0x00 0x03 0x8e 0xbb                                NOPA;                         NOPB;                                                                                     NOPM
.label ZLS_F_Z39conv2dk1_skip_ui8_i8_scalar_cascade_putPhPaiii_448
.loop_nesting 4
.begin_of_loop
	   448    0xe1 0x02 0x38 0x2e 0x7a 0xae 0x99 0x0b 0x28 0xbb                                LDA.s8 r8, [p7], m0;                                                                      OR r7, r23, r21;              MOV p5, r4
	   458    0xa5 0x21 0xf8 0x2f 0xbb 0x2e 0x51 0xcb 0x28 0xbb                                LDA.u8 r7, [p5], m1;                                                                      OR r27, r23, r22;             MOV dj2, r7
	   468    0x41 0x07 0xb8 0x2e 0xd8 0x2c 0x85 0x3b 0x28 0xbb                                LDA.s8 r30, [p2], m0;                                                                     OR r13, r23, r16;             MOV r4, p5
	   478    0x61 0x06 0x38 0x2e 0xa0 0x2e 0x9c 0xcb 0x28 0xbb                                LDA.s8 r24, [p3], m0;                                                                     OR r10, r23, r0;              MOV p5, r19
	   488    0xaa 0x22 0xf8 0x2f 0xb0 0xae 0x76 0xcb 0x28 0xbb                                LDA.u8 r11, [p5, dj2];                                                                    OR r27, r23, r1;              MOV dj3, r27
	   498    0xae 0x23 0xb8 0x2e 0xd8 0xae 0x93 0x4b 0x28 0xbb                                LDA.u8 r14, [p5, dj3];                                                                    OR r13, r23, r17;             MOV dj4, r13
	   508    0xb2 0x22 0xb8 0x2f 0xf9 0x2e 0xb2 0x8b 0x28 0xbb                                LDA.u8 r10, [p5, dj4];                                                                    OR r31, r23, r18;             MOV dj5, r10
	   518    0x21 0x06 0xf8 0x2f 0x7a 0x06 0x36 0xcb 0x28 0xbb                                LDA.s8 r27, [p1], m0;                                                                     ADD r23, r23, r20;            MOV dj1, r27
	   528    0xb6 0x22 0x38 0x0e 0x74 0x7e 0x13 0x4b 0x28 0xbb                                LDA.u8 r8, [p5, dj5];                                                                     MUL r7, r7, r8;               MOV dj0, r13
	   538    0xc1 0x03 0xfd 0xaf 0x96 0x4d                                                    LDA.s8 r15, [p6], m0;                                                                                                   MOV dj6, r31
	   544    0xa6 0x27 0xf9 0xdb 0x90 0x9d                                                    LDA.u8 r31, [p5, dj1];                                                                    ADD r13, r7, r25
	   550    0x81 0x06 0xba 0xd7 0xef 0x9d                                                    LDA.s8 r26, [p4], m0;                                                                     MUL r11, r11, r30
	   556    0xa2 0x21 0xbb 0xb1 0x8f 0x9d                                                    LDA.u8 r6, [p5, dj0];                                                                     MUL r24, r14, r24
	   562    0xba 0x23 0xbd 0x34 0x96 0x4d                                                    LDA.u8 r14, [p5, dj6];                                                                                                  MOV p5, r9
	   568    0x01 0x02 0xfa 0xfa 0xd0 0x9d                                                    LDA.s8 r11, [p0], m0;                                                                     ADD r29, r11, r13
	   574    0xa1 0x03 0x3e 0xf8 0xaf 0x9d                                                    LDA.s8 r12, [p5], m0;                                                                     MUL r28, r27, r10
	   580    0x00 0x1e 0xf4 0x7d 0x25 0x3b 0x28 0x43                                                                                                                                    MUL r15, r15, r8;             MOV r9, p5
	   588    0x00 0x01                                                                        NOPX
	   590    0x17 0x7b 0x80 0x99                                                                                                                                                        ADD r29, r29, r24
	   594    0x17 0x79 0xc0 0x99                                                                                                                                                        ADD r28, r29, r28
	   598    0x17 0xf5 0xaf 0x99                                                                                                                                                        MUL r26, r31, r26
	   602    0x12 0xfa 0x6f 0x99                                                                                                                                                        MUL r29, r11, r6
	   606    0x13 0x98 0xcf 0x99                                                                                                                                                        MUL r12, r14, r12
	   610    0x00 0x01                                                                        NOPX
	   612    0x13 0xf9 0xc0 0x99                                                                                                                                                        ADD r28, r15, r28
	   616    0x16 0xb9 0xc0 0x99                                                                                                                                                        ADD r28, r26, r28
	   620    0x17 0x79 0xc0 0x99                                                                                                                                                        ADD r28, r29, r28
.label ZLE_F_Z39conv2dk1_skip_ui8_i8_scalar_cascade_putPhPaiii_624
.end_of_loop
	   624    0x00 0x00 0x00 0x00 0x00 0x00 0x00 0x39 0x96 0x04 0x00 0x03 0x88 0x00 0x03 0xc0  NOPA;                         NOPB;                         NOPS;                         ADD r25, r28, r12;            NOPM;                                   NOPV
.loop_nesting 3
	   640    0xfe 0x3e 0xd8 0x00 0x62 0x0b 0xa0 0x8b 0x28 0xbb                                LDA p6, [sp, #-116];                                                                      MOVX r6, #16;                 MOV r29, r2
	   650    0xff 0x09 0x08 0x00 0x00 0x03 0x98 0xc0 0x10 0xbb                                LDA r4, [sp, #-64];                                                                       MOVXM p7, #(TGT_F_Z39conv2dk1_skip_ui8_i8_scalar_cascade_putPhPaiii_384 + 0)
	   660    0x07 0xf6 0x4e 0xd9                                                              LDA p1, [sp, #-80]
	   664    0x07 0xf4 0xc6 0xd9                                                              LDA p0, [sp, #-92]
	   668    0x07 0xf9 0x4e 0x59                                                              LDA r7, [sp, #-56]
.label TGT_F_Z39conv2dk1_skip_ui8_i8_scalar_cascade_putPhPaiii_672
	   672    0x18 0x81 0x06 0xf9                                                                                                                                                                                      ADD.NC r2, r2, #1
	   676    0x11 0x90 0x28 0x99                                                                                                                                                        NE r8, r6, r2
	   680    0x40 0x01 0x68 0x40 0x01 0x95                                                                                                                                              JNZ r8, #TGT_F_Z39conv2dk1_skip_ui8_i8_scalar_cascade_putPhPaiii_720
.delay_slot
	   686    0x18 0x4c 0x86 0x39                                                                                                                                                                                      VINSERT.32 x0, x0, r29, r25
.delay_slot
.swstall delay_slot
	   690    0x00 0x01                                                                        NOPX
.delay_slot
.swstall delay_slot
	   692    0x00 0x01                                                                        NOPX
.delay_slot
.swstall delay_slot
	   694    0x00 0x01                                                                        NOPX
.delay_slot
.swstall delay_slot
	   696    0x00 0x01                                                                        NOPX
	   698    0x00 0x00 0x20 0x08 0x07 0x03 0xe8 0x43                                                                                                                                    MOVX r2, #0;                  VUPS.s64.s32 cm0, x0, s0
	   706    0x00 0x01                                                                        NOPX
	   708    0x00 0x01                                                                        NOPX
	   710    0x08 0x7c 0x01 0x99                                                                                                                          VMOV MCD, bml0
	   714    0x00 0x00 0x00 0x7c 0x03 0xb5                                                    NOPA;                                                       VMOV MCD, bmh0
.label TGT_F_Z39conv2dk1_skip_ui8_i8_scalar_cascade_putPhPaiii_720
	   720    0x11 0x4b 0xcc 0x19                                                                                                                                                        JNZD r5, r5, p7
.delay_slot
	   724    0x06 0x03 0x50 0x06 0x31 0x1b 0xa0 0x8b 0x28 0x3b                                                              PADDB [p6], #8;                                             ADD r3, r3, #8;               MOV r29, r2
.delay_slot
.swstall delay_slot
	   734    0x00 0x01                                                                        NOPX
.delay_slot
.swstall delay_slot
	   736    0x00 0x01                                                                        NOPX
.delay_slot
.swstall delay_slot
	   738    0x00 0x01                                                                        NOPX
.delay_slot
.swstall delay_slot
	   740    0x00 0x01                                                                        NOPX
.loop_nesting 2
	   742    0xff 0x1a 0x08 0x00 0x00 0x03 0x18 0x78 0x10 0xbb                                LDA r8, [sp, #-60];                                                                       MOVXM p6, #(TGT_F_Z39conv2dk1_skip_ui8_i8_scalar_cascade_putPhPaiii_240 + 0)
	   752    0x07 0xf3 0x4a 0x59                                                              LDA r5, [sp, #-104]
	   756    0x07 0xf3 0xd2 0x59                                                              LDA r9, [sp, #-100]
	   760    0xff 0x58 0xc8 0x04 0x00 0x00 0x78 0x23                                          LDA r3, [sp, #-44];                                                                                                                                             NOPV
.label TGT_F_Z39conv2dk1_skip_ui8_i8_scalar_cascade_putPhPaiii_768
	   768    0x00 0x01                                                                        NOPX
	   770    0x00 0x01                                                                        NOPX
	   772    0x00 0x01                                                                        NOPX
	   774    0x00 0x01                                                                        NOPX
	   776    0x11 0x4b 0x8c 0x19                                                                                                                                                        JNZD r5, r5, p6
.delay_slot
	   780    0x1a 0x44 0x86 0xf9                                                                                                                                                                                      ADD.NC r9, r9, #1
.delay_slot
.swstall delay_slot
	   784    0x00 0x01                                                                        NOPX
.delay_slot
.swstall delay_slot
	   786    0x00 0x01                                                                        NOPX
.delay_slot
.swstall delay_slot
	   788    0x00 0x01                                                                        NOPX
.delay_slot
.swstall delay_slot
	   790    0x00 0x01                                                                        NOPX
.loop_nesting 1
	   792    0xff 0x49 0x48 0x00 0x00 0x00 0x18 0x70 0x10 0xbb                                LDA r5, [sp, #-48];                                                                       MOVXM p0, #(TGT_F_Z39conv2dk1_skip_ui8_i8_scalar_cascade_putPhPaiii_224 + 0)
	   802    0x07 0xf7 0xd4 0x59                                                              LDA r10, [sp, #-68]
	   806    0x07 0xf7 0x52 0x59                                                              LDA r9, [sp, #-72]
	   810    0x00 0x01                                                                        NOPX
	   812    0x00 0x01                                                                        NOPX
	   814    0x00 0x01                                                                        NOPX
	   816    0x00 0x01                                                                        NOPX
	   818    0x00 0x01                                                                        NOPX
	   820    0x11 0x4a 0xa0 0x99                                                                                                                                                        ADD r5, r5, r10
	   824    0xff 0x49 0x42 0x4a 0x0c 0x3d                                                                                                                ST r5, [sp, #-48];            JNZD r5, r9, p0
.delay_slot
.swstall delay_slot
	   830    0x00 0x01                                                                        NOPX
.delay_slot
.swstall delay_slot
	   832    0x00 0x01                                                                        NOPX
.delay_slot
.swstall delay_slot
	   834    0x00 0x01                                                                        NOPX
.delay_slot
.swstall delay_slot
	   836    0x00 0x01                                                                        NOPX
.delay_slot
.swstall delay_slot
	   838    0x00 0x00 0x00 0x00 0x00 0x00 0x00 0x03 0x8e 0xbb                                NOPA;                         NOPB;                                                                                     NOPM
.label TGT_F_Z39conv2dk1_skip_ui8_i8_scalar_cascade_putPhPaiii_848
.loop_nesting 0
	   848    0x07 0xfb 0x66 0x59                                                              LDA r19, [sp, #-40]
	   852    0x07 0xfb 0xee 0x59                                                              LDA r23, [sp, #-36]
	   856    0x07 0xfc 0x6c 0x59                                                              LDA r22, [sp, #-32]
	   860    0x07 0xfc 0xea 0x59                                                              LDA r21, [sp, #-28]
	   864    0x07 0xfd 0x68 0x59                                                              LDA r20, [sp, #-24]
	   868    0x07 0xfd 0xe4 0x59                                                              LDA r18, [sp, #-20]
	   872    0x07 0xfe 0x62 0x59                                                              LDA r17, [sp, #-16]
	   876    0x07 0xfe 0xe0 0x59                                                              LDA r16, [sp, #-12]
	   880    0x07 0xff 0x76 0xd9                                                              LDA p6, [sp, #-8]
	   884    0x07 0xff 0xfe 0xd9                                                              LDA p7, [sp, #-4]
	   888    0x10 0x00 0x18 0x19                                                                                                                                                        RET lr
.delay_slot
.swstall delay_slot
	   892    0x00 0x01                                                                        NOPX
.delay_slot
.swstall delay_slot
	   894    0x00 0x01                                                                        NOPX
.delay_slot
.swstall delay_slot
	   896    0x00 0x01                                                                        NOPX
.delay_slot
.swstall delay_slot
	   898    0x00 0x01                                                                        NOPX
.label _Z39conv2dk1_skip_ui8_i8_scalar_cascade_putPhPaiii__end last
.delay_slot
	   900    0x00 0x00 0x07 0xff 0x80 0x10 0x00 0x80 0x00 0x00 0x01 0x37                      NOPA;                         PADDB [sp], #-128;            NOPS;                         EVENT #1

.undef global data _ZN12me_primitive11control_satE

.text_segment_name
.text global 10 conv2dk1_skip_ui8_i8_put
.tail_call
.function_start
	     0    0x00 0x00 0x00 0x00 0x00 0x95                                                                                                                                              J #_Z39conv2dk1_skip_ui8_i8_scalar_cascade_putPhPaiii
.delay_slot
.swstall delay_slot
	     6    0x00 0x01                                                                        NOPX
.delay_slot
.swstall delay_slot
	     8    0x00 0x01                                                                        NOPX
.delay_slot
.swstall delay_slot
	    10    0x00 0x01                                                                        NOPX
.delay_slot
.swstall delay_slot
	    12    0x00 0x01                                                                        NOPX
.label conv2dk1_skip_ui8_i8_put__end last
.delay_slot
.swstall delay_slot
	    14    0x00 0x01                                                                        NOPX

.undef global text _Z39conv2dk1_skip_ui8_i8_scalar_cascade_putPhPaiii



.direct_eval +,-,(,)
