
// File generated by darts version U-2022.12#3eec2545bc#230622, Wed Jun  5 12:33:02 2024
// Copyright 2014-2022 Synopsys, Inc. All rights reserved.
// darts -I/proj/xbuilds/2023.2_INT_1013_2256/installs/all_platforms/Vitis/2023.2/aietools/data/aie_ml/lib -d -h -I/proj/xbuilds/2023.2_INT_1013_2256/installs/all_platforms/Vitis/2023.2/aietools/include -I/proj/xbuilds/2023.2_INT_1013_2256/installs/all_platforms/Vitis/2023.2/aietools/data/aie_ml/lib/runtime_cxx/libcxx-lite/include -I/proj/xbuilds/2023.2_INT_1013_2256/installs/all_platforms/Vitis/2023.2/aietools/data/aie_ml/lib/runtime_cxx/libs/libcxx-9.0.0/include-lite -I/proj/xbuilds/2023.2_INT_1013_2256/installs/all_platforms/Vitis/2023.2/aietools/data/aie_ml/lib/runtime/include -I/proj/xbuilds/2023.2_INT_daily_latest/installs/lin64/Vitis/2023.2/aietools/tps/boost_1_64_0 -D__AIENGINE__=2 -D__AIEARCH__=20 -DGET -D__tct_tgt__=230622 -L +Ihex +nanno build/conv2dk1_skip_get.o me

// Release: ipp U-2022.12-TGT-230622
.undef global data _ZN12me_primitive11control_satE

.undef global data _ZN12me_primitive11control_rndE

.text_segment_name
.text global 16 _Z42conv2dk1_skip_ui8_i8_i8_scalar_cascade_getPhPaS0_S0_iiiii
.function_start
	     0    0xfc 0x26 0x08 0x03 0xa0 0x3f 0xa4 0x6b 0x80 0x13 0x48 0xb7                      MOVA r24, #-31;               PADDB [sp], #160;                                           MOVX r26, #-29;               MOV r28, #8
	    12    0xff 0x6d 0xc0 0xbb 0x8e 0xbd                                                                                                                ST r23, [sp, #-40];           ASHL r29, r2, r24
	    18    0xff 0x7d 0x87 0x6f 0xad 0xbd                                                                                                                ST r22, [sp, #-36];           LSHL r23, r29, r26
	    24    0xff 0x8d 0x45 0xec 0x20 0xbd                                                                                                                ST r21, [sp, #-32];           ADD r22, r23, r2
	    30    0xff 0x9d 0x00 0xaf 0xca 0xbd                                                                                                                ST r20, [sp, #-28];           LT r23, r2, r28
	    36    0x0f 0xfd 0x76 0x99                                                                                                                          ST p6, [sp, #-24]
	    40    0xff 0xbf 0xd0 0x2e 0x00 0x7e 0x10 0x00 0x61 0x3b                                                                                            ST p7, [sp, #-20];            JNZ r23, #TGT_F_Z42conv2dk1_skip_ui8_i8_i8_scalar_cascade_getPhPaS0_S0_iiiii_1008
.delay_slot
	    50    0x0f 0xfe 0x66 0x19                                                                                                                          ST r19, [sp, #-16]
.delay_slot
	    54    0xff 0xdc 0x00 0x01 0x82 0x3b 0x20 0x03                                                                                                      ST r16, [sp, #-12];                                         MOV r12, p2
.delay_slot
	    62    0xff 0xec 0x40 0x01 0x01 0x3b 0x20 0x03                                                                                                      ST r17, [sp, #-8];                                          MOV r8, p1
.delay_slot
	    70    0xff 0x59 0xd0 0x00 0x00 0x83 0x27 0xfb 0xc9 0x3b                                                                                            ST p1, [sp, #-44];            EVENT #0;                     MOV r25, #-3
.delay_slot
	    80    0xff 0xfc 0x80 0x2d 0x6c 0xf6 0xa0 0x3b 0x29 0x3b                                                                                            ST r18, [sp, #-4];            ASHL r22, r22, r25;           MOV r21, p0
	    90    0xff 0x87 0x88 0x03 0x7c 0x76 0x87 0xcb 0x48 0xbb                                MOVA r30, #-4;                                                                            ASHL r23, r1, r24;            MOV r20, #-28
	   100    0x00 0xc6 0x08 0x2f 0x4a 0x6f 0xa7 0xff 0xc8 0xbb                                MOVA r24, #6;                                                                             LSHL r20, r23, r20;           MOV r29, #-1
	   110    0x00 0x07 0xc8 0x03 0xca 0x06 0x20 0xff 0xf8 0xbb                                MOVA r31, #0;                                                                             ADD r28, r1, r20;             ADD.NC r17, r3, #-1
	   120    0x00 0x25 0xcf 0xfa 0x7e 0x2f 0xad 0x6e 0x80 0x07 0xc8 0x77                      MOVA r23, #1;                                               ST r31, [sp, #-48];           LSHL r26, r23, r26;           MOV r20, #3
	   132    0x00 0x06 0xc8 0x39 0xcf 0x77 0xc0 0x3f 0xf8 0xbb                                MOVA r27, #0;                                                                             ASHL r28, r28, r30;           ADD.NC r30, r0, #-1
	   142    0x00 0xe5 0x8f 0xf9 0xfc 0x03 0xad 0x04 0x85 0xbf 0xf8 0x77                      MOVA r22, #7;                                               ST r30, [sp, #-52];           ADD r26, r1, r26;             ADD.NC r4, r22, #-1
	   154    0xf0 0x04 0xc8 0x34 0x9c 0xf6 0x07 0xcb 0x28 0xbb                                MOVA r19, #-128;                                                                          ASHL r9, r26, r25;            MOV r16, r31
	   164    0x02 0x01 0x48 0x38 0x10 0x7c 0x40 0xff 0xc8 0xbb                                MOVA r5, #16;                                                                             MUL r1, r28, r0;              MOV r2, #127
	   174    0x01 0x00 0x28 0x00 0x00 0x00 0x39 0x28 0x10 0xbb                                MOVA m0, #8;                                                                              MOVXM ls, #(ZLS_F_Z42conv2dk1_skip_ui8_i8_i8_scalar_cascade_getPhPaS0_S0_iiiii_592 + 0)
	   184    0x01 0xe1 0x8f 0xf7 0xc2 0x3a 0xae 0x34 0x58 0x03 0x48 0x77                      MOVA r6, #15;                                               ST r1, [sp, #-68];            XOR r10, r29, r28;            MOV s0, #0
	   196    0x00 0x46 0x48 0x38 0x74 0xcc 0x30 0x83 0x48 0xbb                                MOVA r25, #2;                                                                             GE r7, r28, r9;               MOV m1, #64
	   206    0x00 0xa7 0x4f 0xf6 0xce 0x39 0xcc 0x6f 0x40 0x0b 0x48 0x77                      MOVA r29, #5;                                               ST r7, [sp, #-76];            LSHL r28, r28, r24;           MOV r26, #4
	   218    0xfe 0xef 0x02 0x78 0xa0 0xbd                                                                                                                ST r28, [sp, #-72];           ADD r28, r9, r10
	   224    0xfe 0xcf 0x00 0x3f 0xe0 0x4f 0x80 0x03 0x49 0x3b                                                                                            ST r28, [sp, #-80];           GE r30, r31, r0;              MOV r28, #0
	   234    0xff 0x2f 0x87 0xc6 0x31 0xbd                                                                                                                ST r30, [sp, #-56];           SUB r3, r31, r3
	   240    0xff 0x18 0xc0 0x25 0x4d 0xbd                                                                                                                ST r3, [sp, #-60];            LSHL r18, r0, r20
	   246    0x00 0x2f 0x18 0xec 0x54 0x8b 0x28 0x43                                                                                                                                    LSHL r17, r23, r17;           MOV m2, r18
	   254    0xff 0x0c 0x40 0x00 0x00 0x02 0x39 0x80 0x11 0x3b                                                                                            ST r17, [sp, #-64];           MOVXM le, #(ZLE_F_Z42conv2dk1_skip_ui8_i8_i8_scalar_cascade_getPhPaS0_S0_iiiii_768 + 0)
	   264    0x00 0x00 0x02 0x62 0x60 0x55                                                                                                                                              MOVXM p1, #(TGT_F_Z42conv2dk1_skip_ui8_i8_i8_scalar_cascade_getPhPaS0_S0_iiiii_304 + 0)
	   270    0x00 0x00 0x0c 0x63 0x60 0x55                                                                                                                                              MOVXM p6, #(TGT_F_Z42conv2dk1_skip_ui8_i8_i8_scalar_cascade_getPhPaS0_S0_iiiii_432 + 0)
	   276    0x00 0x00 0x0e 0x60 0x00 0x55                                                                                                                                              MOVXM p7, #_ZN12me_primitive11control_satE
	   282    0x00 0x00 0x00 0x60 0x00 0x55                                                                                                                                              MOVXM p0, #_ZN12me_primitive11control_rndE
.label TGT_F_Z42conv2dk1_skip_ui8_i8_i8_scalar_cascade_getPhPaS0_S0_iiiii_288
.loop_nesting 1
	   288    0x00 0xe0 0x0f 0xf5 0xf6 0x01 0xb0 0x08 0x76 0xcb 0x28 0x77                      MOVA r0, #7;                                                ST r27, [sp, #-84];           MOVX r27, #0;                 MOV m3, r27
	   300    0x0f 0xf5 0x48 0x19                                                                                                                          ST r4, [sp, #-88]
.label TGT_F_Z42conv2dk1_skip_ui8_i8_i8_scalar_cascade_getPhPaS0_S0_iiiii_304
.loop_nesting 2
	   304    0xf0 0x01 0xd0 0x40 0x01 0x95                                                                                                                                              JNZ r30, #TGT_F_Z42conv2dk1_skip_ui8_i8_i8_scalar_cascade_getPhPaS0_S0_iiiii_928
.delay_slot
.swstall delay_slot
	   310    0x00 0x01                                                                        NOPX
.delay_slot
.swstall delay_slot
	   312    0x00 0x01                                                                        NOPX
.delay_slot
.swstall delay_slot
	   314    0x00 0x01                                                                        NOPX
.delay_slot
.swstall delay_slot
	   316    0x00 0x01                                                                        NOPX
.delay_slot
.swstall delay_slot
	   318    0x00 0x01                                                                        NOPX
	   320    0xff 0x4a 0xca 0x44 0x16 0x6d                                                    LDA r11, [sp, #-48];                                                                                                    ADD.NC r9, r8, #8
	   326    0xfe 0x1e 0xc0 0x03 0xc2 0x4b 0x30 0x03                                                                                                      ST r27, [sp, #-124];                                        ADD.NC r30, r9, #8
	   334    0xfe 0x08 0x00 0x01 0x47 0x8b 0x30 0x03                                                                                                      ST r0, [sp, #-128];                                         ADD.NC r10, r30, #8
	   342    0xfe 0x2b 0x00 0x00 0x02 0x8b 0x30 0x03                                                                                                      ST r12, [sp, #-120];                                        ADD.NC r0, r10, #8
	   350    0xff 0x39 0x0b 0x40 0x16 0x6d                                                    LDA r4, [sp, #-52];                                                                                                     ADD.NC r13, r0, #8
	   356    0x1b 0x86 0x96 0x79                                                                                                                                                                                      ADD.NC r14, r13, #8
	   360    0x1d 0x36 0x16 0x59                                                                                                                                                                                      MOV p5, r12
	   364    0x05 0x6b 0x08 0x37 0xb5 0x85 0x63 0x8b 0x38 0x3b                                                              PADDB [p5], m3;                                             ADD r27, r27, r11;            ADD.NC r11, r14, #8
	   374    0x16 0xfd 0xe0 0x99                                                                                                                                                        ADD r30, r27, r30
	   378    0xfe 0x7f 0x86 0xfc 0xa0 0xbd                                                                                                                ST r30, [sp, #-100];          ADD r30, r27, r10
	   384    0xfe 0x6f 0x80 0x37 0xe0 0x04 0x00 0x03 0x49 0x3b                                                                                            ST r30, [sp, #-104];          ADD r30, r27, r0;             MOV r0, #0
	   394    0xfe 0x5f 0x86 0xd0 0x80 0xbd                                                                                                                ST r30, [sp, #-108];          ADD r8, r27, r8
	   400    0xfe 0x9a 0x06 0xfc 0xd0 0xbd                                                                                                                ST r8, [sp, #-92];            ADD r30, r27, r13
	   406    0xfe 0x4f 0x86 0xd0 0x90 0xbd                                                                                                                ST r30, [sp, #-112];          ADD r8, r27, r9
	   412    0xfe 0x8a 0x06 0xd8 0xe0 0xbd                                                                                                                ST r8, [sp, #-96];            ADD r12, r27, r14
	   418    0xfe 0x3b 0x06 0xfc 0xb0 0xbd                                                                                                                ST r12, [sp, #-116];          ADD r30, r27, r11
	   424    0xfd 0xff 0x80 0x00 0x00 0x03 0x80 0x03                                                                                                      ST r30, [sp, #-132];                                        NOPM
.label TGT_F_Z42conv2dk1_skip_ui8_i8_i8_scalar_cascade_getPhPaS0_S0_iiiii_432
.loop_nesting 3
	   432    0xe0 0x00 0xf8 0x40 0x01 0x95                                                                                                                                              JNZ r28, #TGT_F_Z42conv2dk1_skip_ui8_i8_i8_scalar_cascade_getPhPaS0_S0_iiiii_496
.delay_slot
.swstall delay_slot
	   438    0x00 0x01                                                                        NOPX
.delay_slot
.swstall delay_slot
	   440    0x00 0x01                                                                        NOPX
.delay_slot
.swstall delay_slot
	   442    0x00 0x01                                                                        NOPX
.delay_slot
.swstall delay_slot
	   444    0x00 0x01                                                                        NOPX
.delay_slot
.swstall delay_slot
	   446    0x00 0x01                                                                        NOPX
	   448    0x00 0x02 0xb8 0x59                                                              LDA r28, [p0, #0]
	   452    0x07 0x02 0xbc 0x59                                                              LDA r30, [p7, #0]
	   456    0x00 0x00 0x01 0x99                                                              VMOV bml0, SCD
	   460    0x00 0x00 0x03 0x99                                                              VMOV bmh0, SCD
	   464    0x00 0x01                                                                        NOPX
	   466    0x00 0x01                                                                        NOPX
	   468    0x00 0x01                                                                        NOPX
	   470    0x11 0xb9 0xc4 0x99                                                                                                                                                        AND r28, r6, r28
	   474    0x00 0x38 0xc1 0x02 0x4f 0x8b 0x28 0x43                                                                                                                                    MOVX crRnd, r28;              MOV crSat, r30
	   482    0x00 0x01                                                                        NOPX
	   484    0x00 0x00 0x00 0x00 0x00 0x00 0x00 0x00 0x1e 0x40 0x41 0x37                      NOPA;                         NOPB;                         VSRS.d32.s64 x0, cm0, s0;     NOPX
.label TGT_F_Z42conv2dk1_skip_ui8_i8_i8_scalar_cascade_getPhPaS0_S0_iiiii_496
	   496    0x00 0x01                                                                        NOPX
	   498    0x00 0x01                                                                        NOPX
	   500    0x38 0x01 0xa8 0x40 0x01 0x95                                                                                                                                              JNZ r7, #TGT_F_Z42conv2dk1_skip_ui8_i8_i8_scalar_cascade_getPhPaS0_S0_iiiii_848
.delay_slot
	   506    0x00 0x02 0x48 0x21 0xc0 0x3b 0xc5 0x03 0x58 0xbb                                MOVA r9, #0;                                                                              ADD r28, r16, #1;             VEXTRACT.s32 r30, x0, r16
.delay_slot
.swstall delay_slot
	   516    0x00 0x01                                                                        NOPX
.delay_slot
.swstall delay_slot
	   518    0x00 0x01                                                                        NOPX
.delay_slot
.swstall delay_slot
	   520    0x00 0x01                                                                        NOPX
.delay_slot
.swstall delay_slot
	   522    0x00 0x01                                                                        NOPX
	   524    0xfe 0xca 0x88 0x7e 0x00 0x9d                                                    LDA r10, [sp, #-80];                                                                      ADD r31, r1, r0
	   530    0xfe 0x9c 0xdf 0xff 0x4d 0x9d                                                    LDA p4, [sp, #-92];                                                                       LSHL r31, r31, r20
	   536    0xfe 0x8b 0xdf 0xf7 0x50 0x9d                                                    LDA p3, [sp, #-96];                                                                       ADD r27, r31, r21
	   542    0x07 0xf3 0xd6 0xd9                                                              LDA p2, [sp, #-100]
.noswbrkpt
	   546    0x07 0xef 0xc0 0x59                                                              LDA r0, [sp, #-132]
.nohwbrkpt
.noswbrkpt
	   550    0x07 0xf1 0xf6 0xd9                                                              LDA p6, [sp, #-116]
.nohwbrkpt
.noswbrkpt
	   554    0x07 0xf2 0x7e 0xd9                                                              LDA p7, [sp, #-112]
.nohwbrkpt
.noswbrkpt
	   558    0xfe 0x58 0xdd 0x75 0x06 0xed                                                    LDA p0, [sp, #-108];                                                                                                    ADD.NC lc, r10, #1
.nohwbrkpt
.noswbrkpt
	   564    0x07 0xf3 0x4e 0xd9                                                              LDA p1, [sp, #-104]
.nohwbrkpt
.noswbrkpt
	   568    0x0f 0xef 0x40 0x19                                                                                                                          ST r0, [sp, #-136]
	   572    0x0f 0xee 0xee 0x99                                                                                                                          ST p5, [sp, #-140]
	   576    0x00 0x01                                                                        NOPX
	   578    0x00 0x01                                                                        NOPX
	   580    0x00 0x01                                                                        NOPX
	   582    0x00 0x00 0x00 0x00 0x00 0x00 0x00 0x03 0x8e 0xbb                                NOPA;                         NOPB;                                                                                     NOPM
.label ZLS_F_Z42conv2dk1_skip_ui8_i8_i8_scalar_cascade_getPhPaS0_S0_iiiii_592
.loop_nesting 4
.begin_of_loop
	   592    0x85 0x04 0xf8 0x3f 0x1b 0xae 0x9e 0xcb 0x28 0xbb                                LDA.s8 r19, [p4], m1;                                                                     OR r17, r31, r23;             MOV p5, r27
	   602    0xa9 0x24 0x78 0x3e 0xbc 0xae 0x54 0x4b 0x28 0xbb                                LDA.u8 r17, [p5], m2;                                                                     OR r11, r31, r25;             MOV dj2, r17
	   612    0x65 0x03 0x78 0x3e 0x5a 0x2f 0x65 0x3b 0x28 0xbb                                LDA.s8 r13, [p3], m1;                                                                     OR r5, r31, r20;              MOV r27, p5
	   622    0x45 0x02 0x38 0x3e 0x3d 0x2e 0x9d 0x4b 0x28 0xbb                                LDA.s8 r8, [p2], m1;                                                                      OR r3, r31, r26;              MOV p5, r21
	   632    0xaa 0x20 0xb8 0x3e 0xbe 0xae 0x72 0xcb 0x28 0xbb                                LDA.u8 r2, [p5, dj2];                                                                     OR r11, r31, r29;             MOV dj3, r11
	   642    0xae 0x21 0xb8 0x3e 0x5c 0x2e 0x91 0x4b 0x28 0xbb                                LDA.u8 r6, [p5, dj3];                                                                     OR r5, r31, r24;              MOV dj4, r5
	   652    0xb2 0x20 0xf8 0x3e 0xeb 0x2e 0xb0 0xcb 0x28 0xbb                                LDA.u8 r3, [p5, dj4];                                                                     OR r14, r31, r22;             MOV dj5, r3
	   662    0x25 0x02 0xf8 0x3f 0xf9 0x06 0x32 0xcb 0x28 0xbb                                LDA.s8 r11, [p1], m1;                                                                     ADD r31, r31, r18;            MOV dj1, r11
	   672    0xb6 0x24 0xf8 0x27 0x18 0xfe 0x11 0x4b 0x28 0xbb                                LDA.u8 r19, [p5, dj5];                                                                    MUL r17, r19, r17;            MOV dj0, r5
	   682    0x05 0x01 0xfd 0xa7 0x16 0x4d                                                    LDA.s8 r7, [p0], m1;                                                                                                    MOV dj6, r14
	   688    0xa6 0x23 0xba 0x4b 0x10 0x9d                                                    LDA.u8 r14, [p5, dj1];                                                                    ADD r5, r9, r17
	   694    0xe5 0x03 0x3b 0x44 0x2f 0x9d                                                    LDA.s8 r12, [p7], m1;                                                                     MUL r2, r13, r2
	   700    0xa2 0x24 0x39 0x90 0x8f 0x9d                                                    LDA.u8 r16, [p5, dj0];                                                                    MUL r8, r6, r8
	   706    0xba 0x21 0xbd 0x30 0x16 0x4d                                                    LDA.u8 r6, [p5, dj6];                                                                                                   MOV p5, r0
	   712    0xc5 0x00 0xb9 0x5e 0x20 0x9d                                                    LDA.s8 r2, [p6], m1;                                                                      ADD r15, r5, r2
	   718    0xa5 0x00 0x7a 0xd4 0x3f 0x9d                                                    LDA.s8 r1, [p5], m1;                                                                      MUL r10, r11, r3
	   724    0x00 0x0e 0x79 0xfc 0x05 0x3b 0x28 0x43                                                                                                                                    MUL r7, r7, r19;              MOV r0, p5
	   732    0x00 0x01                                                                        NOPX
	   734    0x13 0xde 0x80 0x99                                                                                                                                                        ADD r15, r15, r8
	   738    0x13 0xd4 0xa0 0x99                                                                                                                                                        ADD r10, r15, r10
	   742    0x13 0x98 0xcf 0x99                                                                                                                                                        MUL r12, r14, r12
	   746    0x10 0x9f 0x0f 0x99                                                                                                                                                        MUL r15, r2, r16
	   750    0x10 0x42 0x6f 0x99                                                                                                                                                        MUL r1, r1, r6
	   754    0x00 0x01                                                                        NOPX
	   756    0x11 0xd4 0xa0 0x99                                                                                                                                                        ADD r10, r7, r10
	   760    0x12 0x94 0xc0 0x99                                                                                                                                                        ADD r10, r10, r12
	   764    0x13 0xd4 0xa0 0x99                                                                                                                                                        ADD r10, r15, r10
.label ZLE_F_Z42conv2dk1_skip_ui8_i8_i8_scalar_cascade_getPhPaS0_S0_iiiii_768
.end_of_loop
	   768    0x00 0x00 0x00 0x00 0x00 0x00 0x00 0x02 0x95 0x04 0x00 0x03 0x88 0x00 0x03 0xc0  NOPA;                         NOPB;                         NOPS;                         ADD r9, r1, r10;              NOPM;                                   NOPV
.loop_nesting 3
	   784    0xfd 0xe8 0x08 0x00 0x52 0x0b 0xe0 0x03 0x48 0xbb                                LDA r0, [sp, #-136];                                                                      MOVX r5, #16;                 MOV r31, #0
	   794    0xfd 0xdd 0xd8 0x00 0x00 0x03 0x18 0xd8 0x10 0xbb                                LDA p5, [sp, #-140];                                                                      MOVXM p6, #(TGT_F_Z42conv2dk1_skip_ui8_i8_i8_scalar_cascade_getPhPaS0_S0_iiiii_432 + 0)
	   804    0xff 0x0c 0x48 0x00 0x00 0x03 0x98 0x00 0x10 0xbb                                LDA r17, [sp, #-64];                                                                      MOVXM p7, #_ZN12me_primitive11control_satE
	   814    0xff 0x18 0xc8 0x00 0x00 0x00 0x18 0x00 0x10 0xbb                                LDA r3, [sp, #-60];                                                                       MOVXM p0, #_ZN12me_primitive11control_rndE
	   824    0xfe 0xf8 0x48 0x02 0x27 0xea 0x67 0x03 0x48 0xbb                                LDA r1, [sp, #-68];                                                                       MOVX r2, #127;                MOV r19, #-128
	   834    0xfe 0xd9 0xc8 0x00 0x00 0x0c 0x3d 0x00 0x00 0x71 0x00 0x00 0x00 0x7f            LDA r7, [sp, #-76];           NOPB;                         NOPS;                         MOVX r6, #15;                 NOPM
.label TGT_F_Z42conv2dk1_skip_ui8_i8_i8_scalar_cascade_getPhPaS0_S0_iiiii_848
	   848    0x11 0x77 0xc7 0x99                                                                                                                                                        EQ r27, r5, r28
	   852    0x17 0x39 0xf6 0x19                                                                                                                                                        SEL.EQZ r28, r28, r31, r27
	   856    0x00 0x01                                                                        NOPX
	   858    0x14 0x7d 0xe0 0x99                                                                                                                                                        ADD r30, r17, r30
	   862    0x12 0x7d 0xe0 0x99                                                                                                                                                        ADD r30, r9, r30
	   866    0x11 0x09 0x8c 0x19                                                                                                                                                        JNZD r4, r4, p6
.delay_slot
	   870    0x17 0xbc 0x3e 0x99                                                                                                                                                        ASHL r30, r30, r3
.delay_slot
	   874    0x14 0xf7 0xea 0x99                                                                                                                                                        LT r27, r19, r30
.delay_slot
	   878    0x14 0xfd 0xe6 0x19                                                                                                                                                        SEL.EQZ r30, r19, r30, r27
.delay_slot
	   882    0x00 0x3d 0xb1 0x54 0x00 0x03 0x78 0x43                                                                                                                                    LT r27, r30, r2;              ADD.NC r0, r0, #1
.delay_slot
	   890    0xa1 0x27 0x80 0x05 0xef 0x32 0x07 0x0b 0x28 0xbb                                ST.s8 r30, [p5], m0;                                                                      SEL.EQZ r30, r2, r30, r27;    MOV r16, r28
.loop_nesting 2
	   900    0xff 0x2f 0x88 0x00 0x00 0x00 0x98 0x98 0x10 0xbb                                LDA r30, [sp, #-56];                                                                      MOVXM p1, #(TGT_F_Z42conv2dk1_skip_ui8_i8_i8_scalar_cascade_getPhPaS0_S0_iiiii_304 + 0)
	   910    0x07 0xf0 0x40 0x59                                                              LDA r0, [sp, #-128]
	   914    0x07 0xf0 0xf6 0x59                                                              LDA r27, [sp, #-124]
	   918    0x07 0xf1 0x58 0x59                                                              LDA r12, [sp, #-120]
	   922    0xff 0x5a 0x08 0x00 0x00 0x7d                                                    LDA r8, [sp, #-44];           NOPB
.label TGT_F_Z42conv2dk1_skip_ui8_i8_i8_scalar_cascade_getPhPaS0_S0_iiiii_928
	   928    0x00 0x01                                                                        NOPX
	   930    0x00 0x01                                                                        NOPX
	   932    0x00 0x01                                                                        NOPX
	   934    0x00 0x01                                                                        NOPX
	   936    0x10 0x00 0x4c 0x19                                                                                                                                                        JNZD r0, r0, p1
.delay_slot
	   940    0x00 0x37 0xb0 0x39 0x83 0x03 0x78 0x43                                                                                                                                    ADD r27, r27, #1;             ADD.NC r12, r12, #1
.delay_slot
.swstall delay_slot
	   948    0x00 0x01                                                                        NOPX
.delay_slot
.swstall delay_slot
	   950    0x00 0x01                                                                        NOPX
.delay_slot
.swstall delay_slot
	   952    0x00 0x01                                                                        NOPX
.delay_slot
.swstall delay_slot
	   954    0x00 0x01                                                                        NOPX
.loop_nesting 1
	   956    0xfe 0xa9 0x08 0x00 0x00 0x01 0x18 0x90 0x10 0xbb                                LDA r4, [sp, #-88];                                                                       MOVXM p2, #(TGT_F_Z42conv2dk1_skip_ui8_i8_i8_scalar_cascade_getPhPaS0_S0_iiiii_288 + 0)
	   966    0x07 0xfa 0x76 0x59                                                              LDA r27, [sp, #-48]
	   970    0x07 0xf7 0x52 0x59                                                              LDA r9, [sp, #-72]
	   974    0x07 0xf5 0xc0 0x59                                                              LDA r0, [sp, #-84]
	   978    0x00 0x01                                                                        NOPX
	   980    0x00 0x01                                                                        NOPX
	   982    0x00 0x01                                                                        NOPX
	   984    0x11 0x08 0x8c 0x19                                                                                                                                                        JNZD r4, r4, p2
.delay_slot
.swstall delay_slot
	   988    0x00 0x01                                                                        NOPX
.delay_slot
.swstall delay_slot
	   990    0x00 0x01                                                                        NOPX
.delay_slot
.swstall delay_slot
	   992    0x00 0x01                                                                        NOPX
.delay_slot
	   994    0x16 0xf6 0x90 0x99                                                                                                                                                        ADD r27, r27, r9
.delay_slot
	   998    0xff 0x4e 0xc0 0x25 0xb0 0x05 0x83 0x3b 0x39 0x3b                                                                                            ST r27, [sp, #-48];           ADD r27, r18, r0;             ADD.NC r12, r12, #-8
.label TGT_F_Z42conv2dk1_skip_ui8_i8_i8_scalar_cascade_getPhPaS0_S0_iiiii_1008
.loop_nesting 0
	  1008    0x07 0xfb 0x6e 0x59                                                              LDA r23, [sp, #-40]
	  1012    0x07 0xfb 0xec 0x59                                                              LDA r22, [sp, #-36]
	  1016    0x07 0xfc 0x6a 0x59                                                              LDA r21, [sp, #-32]
	  1020    0x07 0xfc 0xe8 0x59                                                              LDA r20, [sp, #-28]
	  1024    0x07 0xfd 0x76 0xd9                                                              LDA p6, [sp, #-24]
	  1028    0x07 0xfd 0xfe 0xd9                                                              LDA p7, [sp, #-20]
	  1032    0x07 0xfe 0x66 0x59                                                              LDA r19, [sp, #-16]
	  1036    0x07 0xfe 0xe0 0x59                                                              LDA r16, [sp, #-12]
	  1040    0x07 0xff 0x62 0x59                                                              LDA r17, [sp, #-8]
	  1044    0x07 0xff 0xe4 0x59                                                              LDA r18, [sp, #-4]
	  1048    0x10 0x00 0x18 0x19                                                                                                                                                        RET lr
.delay_slot
.swstall delay_slot
	  1052    0x00 0x01                                                                        NOPX
.delay_slot
.swstall delay_slot
	  1054    0x00 0x01                                                                        NOPX
.delay_slot
.swstall delay_slot
	  1056    0x00 0x01                                                                        NOPX
.delay_slot
.swstall delay_slot
	  1058    0x00 0x01                                                                        NOPX
.label _Z42conv2dk1_skip_ui8_i8_i8_scalar_cascade_getPhPaS0_S0_iiiii__end last
.delay_slot
	  1060    0x00 0x00 0x07 0xff 0x60 0x10 0x00 0x80 0x00 0x00 0x01 0x37                      NOPA;                         PADDB [sp], #-160;            NOPS;                         EVENT #1

.undef global data _ZN12me_primitive11control_satE

.undef global data _ZN12me_primitive11control_rndE

.text_segment_name
.text global 10 conv2dk1_skip_ui8_i8_i8_get
.tail_call
.function_start
	     0    0x00 0x00 0x00 0x00 0x00 0x95                                                                                                                                              J #_Z42conv2dk1_skip_ui8_i8_i8_scalar_cascade_getPhPaS0_S0_iiiii
.delay_slot
.swstall delay_slot
	     6    0x00 0x01                                                                        NOPX
.delay_slot
.swstall delay_slot
	     8    0x00 0x01                                                                        NOPX
.delay_slot
.swstall delay_slot
	    10    0x00 0x01                                                                        NOPX
.delay_slot
.swstall delay_slot
	    12    0x00 0x01                                                                        NOPX
.label conv2dk1_skip_ui8_i8_i8_get__end last
.delay_slot
.swstall delay_slot
	    14    0x00 0x01                                                                        NOPX

.undef global text _Z42conv2dk1_skip_ui8_i8_i8_scalar_cascade_getPhPaS0_S0_iiiii



.direct_eval +,-,(,)
