
// File generated by darts version U-2022.12#3eec2545bc#230622, Fri Jul 12 13:47:45 2024
// Copyright 2014-2022 Synopsys, Inc. All rights reserved.
// darts -I/proj/xbuilds/2023.2_INT_1013_2256/installs/all_platforms/Vitis/2023.2/aietools/data/aie_ml/lib -d -h -I/proj/xbuilds/2023.2_INT_1013_2256/installs/all_platforms/Vitis/2023.2/aietools/include -I/proj/xbuilds/2023.2_INT_1013_2256/installs/all_platforms/Vitis/2023.2/aietools/data/aie_ml/lib/runtime_cxx/libcxx-lite/include -I/proj/xbuilds/2023.2_INT_1013_2256/installs/all_platforms/Vitis/2023.2/aietools/data/aie_ml/lib/runtime_cxx/libs/libcxx-9.0.0/include-lite -I/proj/xbuilds/2023.2_INT_1013_2256/installs/all_platforms/Vitis/2023.2/aietools/data/aie_ml/lib/runtime/include -I<BOOST_DIR> -D__AIENGINE__ -D__AIE_ARCH__=20 -D__AIEARCH__=20 -D__tct_tgt__=230622 -L +Ihex +nanno avg_pool.o me

// Release: ipp U-2022.12-TGT-230622
.undef global data _ZN12me_primitive11control_satE

.undef global data _ZN12me_primitive11control_rndE

.text_segment_name
.text global 16 _Z22average_pooling_scalarPhS_iiii
.function_start
	     0    0x01 0x06 0x08 0x03 0x60 0x00 0x00 0x83 0x27 0xc3 0xc8 0xb7                      MOVA r24, #8;                 PADDB [sp], #96;                                            EVENT #0;                     MOV r25, #-31
	    12    0xff 0xcc 0x80 0xb1 0x8a 0xbd                                                                                                                ST r18, [sp, #-16];           LT r24, r2, r24
	    18    0xff 0xf8 0x50 0x30 0x00 0x6a 0x10 0x00 0x61 0x3b                                                                                            ST lr, [sp, #-4];             JNZ r24, #TGT_F_Z22average_pooling_scalarPhS_iiii_848
.delay_slot
	    28    0xfc 0x66 0x8f 0xff 0x6c 0x05 0xbc 0xf6 0x40 0x4b 0x28 0x77                      MOVA r26, #-29;                                             ST r22, [sp, #-8];            ASHL r27, r2, r25;            MOV r18, r1
.delay_slot
	    40    0xff 0xdd 0x40 0x37 0xad 0x6c 0x85 0xcb 0x29 0x3b                                                                                            ST r21, [sp, #-12];           LSHL r26, r27, r26;           MOV r4, r23
.delay_slot
	    50    0xff 0xa6 0x4f 0xfd 0x60 0x35 0xa1 0x06 0xe0 0x0b 0x28 0x77                      MOVA r25, #-3;                                              ST r16, [sp, #-24];           ADD r26, r26, r2;             MOV r23, r0
.delay_slot
	    62    0xff 0x9f 0xd0 0x35 0x6c 0xf4 0x01 0x0b 0x29 0x3b                                                                                            ST p7, [sp, #-28];            ASHL r22, r26, r25;           MOV r0, r4
.delay_slot
	    72    0xff 0xb8 0x00 0x06 0x11 0xfe 0x00 0x3b 0x29 0x3b                                                                                            ST r0, [sp, #-20];            MUL r1, r3, r3;               MOV r16, p0
.no_stack_arguments
	    82    0x00 0x00 0x00 0x00 0x01 0x15                                                                                                                                              JL #int32_to_float32
.delay_slot
	    88    0x1f 0x32 0x76 0x59                                                                                                                                                                                      MOV p7, p1
.delay_slot
.swstall delay_slot
	    92    0x00 0x01                                                                        NOPX
.delay_slot
.swstall delay_slot
	    94    0x00 0x01                                                                        NOPX
.delay_slot
.swstall delay_slot
	    96    0x00 0x01                                                                        NOPX
.delay_slot
.swstall delay_slot
	    98    0x00 0x00 0x00 0x00 0x00 0x00 0x00 0x40 0x00 0x38 0x00 0x00 0x78 0x2f            NOPA;                                                       NOPS;                                                       NOPM;                                   NOPV
.return_address
	   112    0x00 0x66 0x4f 0xf9 0xee 0x2f 0x8b 0x7c 0x25 0xcb 0x28 0x77                      MOVA r25, #3;                                               ST r23, [sp, #-52];           MUL r24, r23, r22;            MOV r1, r23
	   124    0x00 0x05 0xcf 0xfa 0xf6 0x83 0x44 0xbf 0xf2 0xbb                                MOVA r23, #0;                                               ST p6, [sp, #-44];                                          ADD.NC r26, r18, #-1
	   134    0x00 0x04 0x2f 0xfb 0xe6 0x03 0xcc 0xef 0x65 0xbf 0xf8 0x77                      MOVA dj0, #0;                                               ST r19, [sp, #-36];           LSHL r28, r1, r25;            ADD.NC r27, r22, #-1
	   146    0xff 0x1f 0x00 0x2f 0xc0 0xce 0xa0 0x0b 0x29 0x3b                                                                                            ST r28, [sp, #-60];           GE r28, r23, r1;              MOV r21, r0
	   156    0xff 0x2f 0x06 0x31 0x9d 0xbd                                                                                                                ST r28, [sp, #-56];           LSHL r24, r24, r25
	   162    0xff 0x0e 0x05 0xe5 0x29 0xbd                                                                                                                ST r24, [sp, #-64];           GE r18, r23, r18
	   168    0xff 0x6c 0x40 0x00 0x00 0x00 0x38 0xa0 0x11 0x3b                                                                                            ST r17, [sp, #-40];           MOVXM ls, #(ZLS_F_Z22average_pooling_scalarPhS_iiii_320 + 0)
	   178    0xff 0x8d 0x00 0x00 0x00 0x02 0x38 0xe8 0x11 0x3b                                                                                            ST r20, [sp, #-32];           MOVXM le, #(ZLE_F_Z22average_pooling_scalarPhS_iiii_464 + 0)
	   188    0xff 0x4e 0x80 0x20 0x00 0x02 0x60 0x00 0x11 0x3b                                                                                            ST r26, [sp, #-48];           MOVXM r19, #-2147483648
	   198    0xfe 0xfc 0x20 0x00 0x00 0x03 0x18 0x70 0x11 0x3b                                                                                            ST dj0, [sp, #-68];           MOVXM p6, #(TGT_F_Z22average_pooling_scalarPhS_iiii_224 + 0)
.label TGT_F_Z22average_pooling_scalarPhS_iiii_208
.loop_nesting 1
	   208    0x00 0x00 0x00 0x00 0x07 0xf7 0x76 0x01 0x10 0xe8 0x00 0x03 0x88 0x00 0x03 0xc0  NOPA;                         NOPB;                         ST r27, [sp, #-72];           MOVX r17, #7;                 NOPM;                                   NOPV
.label TGT_F_Z22average_pooling_scalarPhS_iiii_224
.loop_nesting 2
	   224    0x90 0x01 0x10 0x40 0x01 0x95                                                                                                                                              JNZ r18, #TGT_F_Z22average_pooling_scalarPhS_iiii_544
.delay_slot
	   230    0x10 0x02 0x01 0x19                                                                                                                                                        MOVX r1, #0
.delay_slot
.swstall delay_slot
	   234    0x00 0x01                                                                        NOPX
.delay_slot
.swstall delay_slot
	   236    0x00 0x01                                                                        NOPX
.delay_slot
.swstall delay_slot
	   238    0x00 0x01                                                                        NOPX
.delay_slot
.swstall delay_slot
	   240    0x00 0x01                                                                        NOPX
	   242    0xfe 0xfe 0x08 0x00 0x00 0x03 0x18 0x90 0x10 0xbb                                LDA r24, [sp, #-68];                                                                      MOVXM p6, #(TGT_F_Z22average_pooling_scalarPhS_iiii_288 + 0)
	   252    0x07 0xf8 0x6c 0x59                                                              LDA r22, [sp, #-64]
	   256    0x07 0xf9 0x66 0x59                                                              LDA r19, [sp, #-56]
	   260    0x0f 0xf6 0xea 0x19                                                                                                                          ST r21, [sp, #-76]
	   264    0x0f 0xf6 0x7e 0x99                                                                                                                          ST p7, [sp, #-80]
	   268    0x07 0xf9 0xe8 0x59                                                              LDA r20, [sp, #-52]
	   272    0x07 0xfa 0x6a 0x59                                                              LDA r21, [sp, #-48]
	   276    0x16 0x31 0x00 0x99                                                                                                                                                        ADD r24, r24, r16
	   280    0x1f 0x3c 0x16 0x59                                                                                                                                                                                      MOV p7, r24
	   284    0x18 0x2b 0x16 0x59                                                                                                                                                                                      MOV m0, r22
.label TGT_F_Z22average_pooling_scalarPhS_iiii_288
.loop_nesting 3
	   288    0x98 0x00 0xf8 0x40 0x01 0x95                                                                                                                                              JNZ r19, #TGT_F_Z22average_pooling_scalarPhS_iiii_496
.delay_slot
.swstall delay_slot
	   294    0x00 0x01                                                                        NOPX
.delay_slot
.swstall delay_slot
	   296    0x00 0x01                                                                        NOPX
.delay_slot
.swstall delay_slot
	   298    0x00 0x01                                                                        NOPX
.delay_slot
.swstall delay_slot
	   300    0x00 0x01                                                                        NOPX
.delay_slot
.swstall delay_slot
	   302    0x00 0x01                                                                        NOPX
	   304    0x1e 0x3e 0x76 0x59                                                                                                                                                                                      MOV p6, p7
	   308    0x00 0x00 0x00 0x00 0x00 0x00 0x00 0x02 0xbd 0x0b 0x20 0xf7                      NOPA;                         NOPB;                         NOPS;                                                       MOV lc, r20
.label ZLS_F_Z22average_pooling_scalarPhS_iiii_320
.loop_nesting 4
.begin_of_loop
	   320    0x18 0x20 0x26 0x99                                                                                                                                                                                      MOV m0, #8
	   324    0x06 0x09 0x03 0xd9                                                              LDA.u8 r1, [p6], m0
.no_stack_arguments
	   328    0x00 0x00 0x00 0x00 0x01 0x15                                                                                                                                              JL #int32_to_float32
.delay_slot
.swstall delay_slot
	   334    0x00 0x01                                                                        NOPX
.delay_slot
.swstall delay_slot
	   336    0x00 0x01                                                                        NOPX
.delay_slot
.swstall delay_slot
	   338    0x00 0x01                                                                        NOPX
.delay_slot
.swstall delay_slot
	   340    0x00 0x01                                                                        NOPX
.delay_slot
.swstall delay_slot
	   342    0x00 0x00 0x00 0x00 0x00 0x00 0x00 0x03 0x8e 0xbb                                NOPA;                         NOPB;                                                                                     NOPM
.return_address
.no_stack_arguments
	   352    0x00 0x00 0x00 0x00 0x00 0x00 0x00 0x00 0x00 0x00 0x00 0x00 0x40 0x00 0x03 0xc0  NOPA;                         NOPB;                         NOPS;                         JL #float32_add;                                                      NOPV
.delay_slot
	   368    0x00 0x00 0x00 0x00 0x00 0x00 0x00 0x00 0x00 0x00 0x25 0xcb 0x28 0x00 0x03 0xc0  NOPA;                         NOPB;                         NOPS;                         NOPX;                         MOV r1, r23;                            NOPV
.delay_slot
	   384    0x00 0x00 0x00 0x00 0x00 0x00 0x00 0x00 0x00 0x00 0x40 0x0b 0x28 0x00 0x03 0xc0  NOPA;                         NOPB;                         NOPS;                         NOPX;                         MOV r2, r0;                             NOPV
.delay_slot
.swstall delay_slot
	   400    0x00 0x00 0x00 0x00 0x00 0x00 0x00 0x00 0x00 0x00 0x00 0x03 0x88 0x00 0x03 0xc0  NOPA;                         NOPB;                         NOPS;                         NOPX;                         NOPM;                                   NOPV
.delay_slot
.swstall delay_slot
	   416    0x00 0x00 0x00 0x00 0x00 0x00 0x00 0x00 0x00 0x00 0x00 0x03 0x88 0x00 0x03 0xc0  NOPA;                         NOPB;                         NOPS;                         NOPX;                         NOPM;                                   NOPV
.delay_slot
.swstall delay_slot
	   432    0x00 0x00 0x00 0x00 0x00 0x00 0x00 0x00 0x00 0x00 0x00 0x03 0x88 0x00 0x03 0xc0  NOPA;                         NOPB;                         NOPS;                         NOPX;                         NOPM;                                   NOPV
.return_address
	   448    0x00 0x00 0x00 0x00 0x00 0x00 0x00 0x00 0x00 0x02 0xe0 0x0b 0x28 0x00 0x03 0xc0  NOPA;                         NOPB;                         NOPS;                         NOPX;                         MOV r23, r0;                            NOPV
.label ZLE_F_Z22average_pooling_scalarPhS_iiii_464
.end_of_loop
.swstall bsr_to_loop_end
	   464    0x00 0x00 0x00 0x00 0x00 0x00 0x00 0x00 0x00 0x00 0x00 0x03 0x88 0x00 0x03 0xc0  NOPA;                         NOPB;                         NOPS;                         NOPX;                         NOPM;                                   NOPV
.loop_nesting 3
	   480    0x18 0x2b 0x16 0x59                                                                                                                                                                                      MOV m0, r22
	   484    0x00 0x00 0x00 0x00 0x00 0x00 0x00 0x03 0x18 0x90 0x10 0xb7                      NOPA;                         NOPB;                                                       MOVXM p6, #(TGT_F_Z22average_pooling_scalarPhS_iiii_288 + 0)
.label TGT_F_Z22average_pooling_scalarPhS_iiii_496
	   496    0x15 0x6b 0x8c 0x19                                                                                                                                                        JNZD r21, r21, p6
.delay_slot
	   500    0x3f 0x0b 0x08 0x19                                                                                            PADDB [p7], m0
.delay_slot
.swstall delay_slot
	   504    0x00 0x01                                                                        NOPX
.delay_slot
.swstall delay_slot
	   506    0x00 0x01                                                                        NOPX
.delay_slot
.swstall delay_slot
	   508    0x00 0x01                                                                        NOPX
.delay_slot
.swstall delay_slot
	   510    0x00 0x01                                                                        NOPX
.loop_nesting 2
	   512    0xfe 0xdd 0x48 0x01 0x70 0x08 0x25 0xcb 0x28 0xbb                                LDA r21, [sp, #-76];                                                                      MOVX r23, #0;                 MOV r1, r23
	   522    0xfe 0xcf 0xd8 0x20 0x00 0x02 0x60 0x00 0x10 0xbb                                LDA p7, [sp, #-80];                                                                       MOVXM r19, #-2147483648
	   532    0x00 0x00 0x00 0x00 0x00 0x00 0x00 0x03 0x18 0x70 0x10 0xb7                      NOPA;                         NOPB;                                                       MOVXM p6, #(TGT_F_Z22average_pooling_scalarPhS_iiii_224 + 0)
.label TGT_F_Z22average_pooling_scalarPhS_iiii_544
	   544    0x00 0x01                                                                        NOPX
	   546    0x00 0x01                                                                        NOPX
	   548    0x00 0x01                                                                        NOPX
.no_stack_arguments
	   550    0x00 0x00 0x00 0x00 0x01 0x15                                                                                                                                              JL #float32_div
.delay_slot
	   556    0x18 0x8a 0x96 0x59                                                                                                                                                                                      MOV r2, r21
.delay_slot
.swstall delay_slot
	   560    0x00 0x01                                                                        NOPX
.delay_slot
.swstall delay_slot
	   562    0x00 0x01                                                                        NOPX
.delay_slot
.swstall delay_slot
	   564    0x00 0x01                                                                        NOPX
.delay_slot
.swstall delay_slot
	   566    0x00 0x00 0x00 0x00 0x00 0x00 0x00 0x03 0x8e 0xbb                                NOPA;                         NOPB;                                                                                     NOPM
.return_address
.no_stack_arguments
	   576    0x00 0x00 0x00 0x00 0x01 0x15                                                                                                                                              JL #float32_le
.delay_slot
	   582    0x1d 0x80 0x16 0x59                                                                                                                                                                                      MOV r22, r0
.delay_slot
	   586    0x4f 0x00 0x00 0x80 0x00 0x55                                                                                                                                              MOVXM r1, #1325400064
.delay_slot
	   592    0x18 0x8b 0x16 0x59                                                                                                                                                                                      MOV r2, r22
.delay_slot
.swstall delay_slot
	   596    0x00 0x01                                                                        NOPX
.delay_slot
.swstall delay_slot
	   598    0x00 0x00 0x00 0x00 0x00 0x00 0x00 0x03 0x8e 0xbb                                NOPA;                         NOPB;                                                                                     NOPM
.return_address
	   608    0x00 0x01 0x50 0x40 0x01 0x95                                                                                                                                              JNZ r0, #TGT_F_Z22average_pooling_scalarPhS_iiii_672
.delay_slot
.swstall delay_slot
	   614    0x00 0x01                                                                        NOPX
.delay_slot
.swstall delay_slot
	   616    0x00 0x01                                                                        NOPX
.delay_slot
.swstall delay_slot
	   618    0x00 0x01                                                                        NOPX
.delay_slot
.swstall delay_slot
	   620    0x00 0x01                                                                        NOPX
.delay_slot
.swstall delay_slot
	   622    0x00 0x01                                                                        NOPX
.no_stack_arguments
	   624    0x00 0x00 0x00 0x00 0x01 0x15                                                                                                                                              JL #float32_to_int32_round_to_zero
.delay_slot
	   630    0x18 0x4b 0x16 0x59                                                                                                                                                                                      MOV r1, r22
.delay_slot
.swstall delay_slot
	   634    0x00 0x01                                                                        NOPX
.delay_slot
.swstall delay_slot
	   636    0x00 0x01                                                                        NOPX
.delay_slot
.swstall delay_slot
	   638    0x00 0x01                                                                        NOPX
.delay_slot
.swstall delay_slot
	   640    0x00 0x00 0x00 0x00 0x00 0x00 0x00 0x00 0x00 0x00 0x00 0x03 0x88 0x00 0x03 0xc0  NOPA;                         NOPB;                         NOPS;                         NOPX;                         NOPM;                                   NOPV
.return_address
	   656    0x00 0x01 0x78 0x00 0x00 0x95                                                                                                                                              J #TGT_F_Z22average_pooling_scalarPhS_iiii_752
.delay_slot
.swstall delay_slot
	   662    0x00 0x01                                                                        NOPX
.delay_slot
.swstall delay_slot
	   664    0x00 0x01                                                                        NOPX
.delay_slot
.swstall delay_slot
	   666    0x00 0x01                                                                        NOPX
.delay_slot
.swstall delay_slot
	   668    0x00 0x01                                                                        NOPX
.delay_slot
.swstall delay_slot
	   670    0x00 0x01                                                                        NOPX
.label TGT_F_Z22average_pooling_scalarPhS_iiii_672
.no_stack_arguments
	   672    0x00 0x00 0x00 0x00 0x01 0x15                                                                                                                                              JL #float32_sub
.delay_slot
	   678    0x18 0x4b 0x16 0x59                                                                                                                                                                                      MOV r1, r22
.delay_slot
	   682    0x4f 0x00 0x01 0x00 0x00 0x55                                                                                                                                              MOVXM r2, #1325400064
.delay_slot
.swstall delay_slot
	   688    0x00 0x01                                                                        NOPX
.delay_slot
.swstall delay_slot
	   690    0x00 0x01                                                                        NOPX
.delay_slot
.swstall delay_slot
	   692    0x00 0x00 0x00 0x00 0x00 0x00 0x00 0x00 0x00 0x00 0x01 0x37                      NOPA;                         NOPB;                         NOPS;                         NOPX
.return_address
.no_stack_arguments
	   704    0x00 0x00 0x00 0x00 0x01 0x15                                                                                                                                              JL #float32_to_int32_round_to_zero
.delay_slot
	   710    0x18 0x40 0x16 0x59                                                                                                                                                                                      MOV r1, r0
.delay_slot
.swstall delay_slot
	   714    0x00 0x01                                                                        NOPX
.delay_slot
.swstall delay_slot
	   716    0x00 0x01                                                                        NOPX
.delay_slot
.swstall delay_slot
	   718    0x00 0x01                                                                        NOPX
.delay_slot
.swstall delay_slot
	   720    0x00 0x00 0x00 0x00 0x00 0x00 0x00 0x00 0x00 0x00 0x00 0x03 0x88 0x00 0x03 0xc0  NOPA;                         NOPB;                         NOPS;                         NOPX;                         NOPM;                                   NOPV
.return_address
	   736    0x00 0x00 0x00 0x00 0x00 0x00 0x00 0x26 0x00 0x04 0x00 0x03 0x88 0x00 0x03 0xc0  NOPA;                         NOPB;                         NOPS;                         ADD r0, r19, r0;              NOPM;                                   NOPV
.label TGT_F_Z22average_pooling_scalarPhS_iiii_752
	   752    0x14 0x63 0x8c 0x19                                                                                                                                                        JNZD r17, r17, p6
.delay_slot
	   756    0xe2 0xa0 0x04 0x08 0x06 0xed                                                    ST.s8 r0, [p7], #1;                                                                                                     ADD.NC r16, r16, #1
.delay_slot
.swstall delay_slot
	   762    0x00 0x01                                                                        NOPX
.delay_slot
.swstall delay_slot
	   764    0x00 0x01                                                                        NOPX
.delay_slot
.swstall delay_slot
	   766    0x00 0x01                                                                        NOPX
.delay_slot
.swstall delay_slot
	   768    0x00 0x01                                                                        NOPX
.loop_nesting 1
	   770    0xfe 0xee 0x48 0x00 0x00 0x00 0x98 0x68 0x10 0xbb                                LDA r25, [sp, #-72];                                                                      MOVXM p1, #(TGT_F_Z22average_pooling_scalarPhS_iiii_208 + 0)
	   780    0x00 0x01                                                                        NOPX
	   782    0x07 0xf8 0xf0 0x59                                                              LDA r24, [sp, #-60]
	   786    0x07 0xf7 0xf4 0x59                                                              LDA r26, [sp, #-68]
	   790    0x00 0x01                                                                        NOPX
	   792    0x00 0x01                                                                        NOPX
	   794    0x00 0x01                                                                        NOPX
	   796    0x16 0x76 0x4c 0x19                                                                                                                                                        JNZD r27, r25, p1
.delay_slot
.swstall delay_slot
	   800    0x00 0x01                                                                        NOPX
.delay_slot
.swstall delay_slot
	   802    0x00 0x01                                                                        NOPX
.delay_slot
.swstall delay_slot
	   804    0x00 0x01                                                                        NOPX
.delay_slot
	   806    0x16 0xb1 0x80 0x99                                                                                                                                                        ADD r24, r26, r24
.delay_slot
	   810    0xfe 0xfe 0x00 0x02 0x04 0x3b 0x30 0x03                                                                                                      ST r24, [sp, #-68];                                         ADD.NC r16, r16, #-8
.loop_nesting 0
	   818    0x00 0x01 0xb0 0x00 0x00 0x95                                                                                                                                              J #TGT_F_Z22average_pooling_scalarPhS_iiii_864
.delay_slot
.swstall delay_slot
	   824    0x00 0x01                                                                        NOPX
.delay_slot
.swstall delay_slot
	   826    0x00 0x01                                                                        NOPX
.delay_slot
.swstall delay_slot
	   828    0x00 0x01                                                                        NOPX
.delay_slot
.swstall delay_slot
	   830    0x00 0x01                                                                        NOPX
.delay_slot
.swstall delay_slot
	   832    0x00 0x00 0x00 0x00 0x00 0x00 0x00 0x00 0x00 0x00 0x00 0x03 0x88 0x00 0x03 0xc0  NOPA;                         NOPB;                         NOPS;                         NOPX;                         NOPM;                                   NOPV
.label TGT_F_Z22average_pooling_scalarPhS_iiii_848
	   848    0x0f 0xfa 0xf6 0x99                                                                                                                          ST p6, [sp, #-44]
	   852    0x0f 0xfb 0x62 0x19                                                                                                                          ST r17, [sp, #-40]
	   856    0x0f 0xfb 0xe6 0x19                                                                                                                          ST r19, [sp, #-36]
	   860    0x0f 0xfc 0x68 0x19                                                                                                                          ST r20, [sp, #-32]
.label TGT_F_Z22average_pooling_scalarPhS_iiii_864
	   864    0x07 0xff 0xc2 0xd9                                                              LDA lr, [sp, #-4]
	   868    0x07 0xfc 0x68 0x59                                                              LDA r20, [sp, #-32]
	   872    0x07 0xff 0x6c 0x59                                                              LDA r22, [sp, #-8]
	   876    0x07 0xfe 0xea 0x59                                                              LDA r21, [sp, #-12]
	   880    0x07 0xfb 0xe6 0x59                                                              LDA r19, [sp, #-36]
	   884    0x07 0xfe 0x64 0x59                                                              LDA r18, [sp, #-16]
	   888    0x07 0xfb 0x62 0x59                                                              LDA r17, [sp, #-40]
	   892    0x07 0xfd 0xee 0x59                                                              LDA r23, [sp, #-20]
	   896    0x07 0xfd 0x60 0x59                                                              LDA r16, [sp, #-24]
	   900    0x07 0xfc 0xfe 0xd9                                                              LDA p7, [sp, #-28]
	   904    0x07 0xfa 0xf6 0xd9                                                              LDA p6, [sp, #-44]
	   908    0x10 0x00 0x18 0x19                                                                                                                                                        RET lr
.delay_slot
.swstall delay_slot
	   912    0x00 0x01                                                                        NOPX
.delay_slot
.swstall delay_slot
	   914    0x00 0x01                                                                        NOPX
.delay_slot
.swstall delay_slot
	   916    0x00 0x01                                                                        NOPX
.delay_slot
.swstall delay_slot
	   918    0x00 0x01                                                                        NOPX
.label _Z22average_pooling_scalarPhS_iiii__end last
.delay_slot
	   920    0x00 0x00 0x07 0xff 0xa2 0x00 0x10 0x13                                          NOPA;                         PADDB [sp], #-96;                                           EVENT #1

.undef global text float32_le

.undef global text float32_add

.undef global text float32_div

.undef global text int32_to_float32

.undef global text float32_sub

.undef global text float32_to_int32_round_to_zero

.text_segment_name
.text global 10 average_pooling
.function_start
	     0    0x01 0x06 0x08 0x03 0x60 0x00 0x00 0x83 0x27 0xc3 0xc8 0xb7                      MOVA r24, #8;                 PADDB [sp], #96;                                            EVENT #0;                     MOV r25, #-31
	    12    0xff 0xcc 0x80 0xb1 0x8a 0xbd                                                                                                                ST r18, [sp, #-16];           LT r24, r2, r24
	    18    0xff 0xf8 0x50 0x30 0x00 0x6a 0x10 0x00 0x61 0x3b                                                                                            ST lr, [sp, #-4];             JNZ r24, #TGT_Faverage_pooling_848
.delay_slot
	    28    0xfc 0x66 0x8f 0xff 0x6c 0x05 0xbc 0xf6 0x40 0x4b 0x28 0x77                      MOVA r26, #-29;                                             ST r22, [sp, #-8];            ASHL r27, r2, r25;            MOV r18, r1
.delay_slot
	    40    0xff 0xdd 0x40 0x37 0xad 0x6c 0x85 0xcb 0x29 0x3b                                                                                            ST r21, [sp, #-12];           LSHL r26, r27, r26;           MOV r4, r23
.delay_slot
	    50    0xff 0xa6 0x4f 0xfd 0x60 0x35 0xa1 0x06 0xe0 0x0b 0x28 0x77                      MOVA r25, #-3;                                              ST r16, [sp, #-24];           ADD r26, r26, r2;             MOV r23, r0
.delay_slot
	    62    0xff 0x9f 0xd0 0x35 0x6c 0xf4 0x01 0x0b 0x29 0x3b                                                                                            ST p7, [sp, #-28];            ASHL r22, r26, r25;           MOV r0, r4
.delay_slot
	    72    0xff 0xb8 0x00 0x06 0x11 0xfe 0x00 0x3b 0x29 0x3b                                                                                            ST r0, [sp, #-20];            MUL r1, r3, r3;               MOV r16, p0
.no_stack_arguments
	    82    0x00 0x00 0x00 0x00 0x01 0x15                                                                                                                                              JL #int32_to_float32
.delay_slot
	    88    0x1f 0x32 0x76 0x59                                                                                                                                                                                      MOV p7, p1
.delay_slot
.swstall delay_slot
	    92    0x00 0x01                                                                        NOPX
.delay_slot
.swstall delay_slot
	    94    0x00 0x01                                                                        NOPX
.delay_slot
.swstall delay_slot
	    96    0x00 0x01                                                                        NOPX
.delay_slot
.swstall delay_slot
	    98    0x00 0x00 0x00 0x00 0x00 0x00 0x00 0x40 0x00 0x38 0x00 0x00 0x78 0x2f            NOPA;                                                       NOPS;                                                       NOPM;                                   NOPV
.return_address
	   112    0x00 0x66 0x4f 0xf9 0xee 0x2f 0x8b 0x7c 0x25 0xcb 0x28 0x77                      MOVA r25, #3;                                               ST r23, [sp, #-52];           MUL r24, r23, r22;            MOV r1, r23
	   124    0x00 0x05 0xcf 0xfa 0xf6 0x83 0x44 0xbf 0xf2 0xbb                                MOVA r23, #0;                                               ST p6, [sp, #-44];                                          ADD.NC r26, r18, #-1
	   134    0x00 0x04 0x2f 0xfb 0xe6 0x03 0xcc 0xef 0x65 0xbf 0xf8 0x77                      MOVA dj0, #0;                                               ST r19, [sp, #-36];           LSHL r28, r1, r25;            ADD.NC r27, r22, #-1
	   146    0xff 0x1f 0x00 0x2f 0xc0 0xce 0xa0 0x0b 0x29 0x3b                                                                                            ST r28, [sp, #-60];           GE r28, r23, r1;              MOV r21, r0
	   156    0xff 0x2f 0x06 0x31 0x9d 0xbd                                                                                                                ST r28, [sp, #-56];           LSHL r24, r24, r25
	   162    0xff 0x0e 0x05 0xe5 0x29 0xbd                                                                                                                ST r24, [sp, #-64];           GE r18, r23, r18
	   168    0xff 0x6c 0x40 0x00 0x00 0x00 0x38 0xa0 0x11 0x3b                                                                                            ST r17, [sp, #-40];           MOVXM ls, #(ZLS_Faverage_pooling_320 + 0)
	   178    0xff 0x8d 0x00 0x00 0x00 0x02 0x38 0xe8 0x11 0x3b                                                                                            ST r20, [sp, #-32];           MOVXM le, #(ZLE_Faverage_pooling_464 + 0)
	   188    0xff 0x4e 0x80 0x20 0x00 0x02 0x60 0x00 0x11 0x3b                                                                                            ST r26, [sp, #-48];           MOVXM r19, #-2147483648
	   198    0xfe 0xfc 0x20 0x00 0x00 0x03 0x18 0x70 0x11 0x3b                                                                                            ST dj0, [sp, #-68];           MOVXM p6, #(TGT_Faverage_pooling_224 + 0)
.label TGT_Faverage_pooling_208
.loop_nesting 1
	   208    0x00 0x00 0x00 0x00 0x07 0xf7 0x76 0x01 0x10 0xe8 0x00 0x03 0x88 0x00 0x03 0xc0  NOPA;                         NOPB;                         ST r27, [sp, #-72];           MOVX r17, #7;                 NOPM;                                   NOPV
.label TGT_Faverage_pooling_224
.loop_nesting 2
	   224    0x90 0x01 0x10 0x40 0x01 0x95                                                                                                                                              JNZ r18, #TGT_Faverage_pooling_544
.delay_slot
	   230    0x10 0x02 0x01 0x19                                                                                                                                                        MOVX r1, #0
.delay_slot
.swstall delay_slot
	   234    0x00 0x01                                                                        NOPX
.delay_slot
.swstall delay_slot
	   236    0x00 0x01                                                                        NOPX
.delay_slot
.swstall delay_slot
	   238    0x00 0x01                                                                        NOPX
.delay_slot
.swstall delay_slot
	   240    0x00 0x01                                                                        NOPX
	   242    0xfe 0xfe 0x08 0x00 0x00 0x03 0x18 0x90 0x10 0xbb                                LDA r24, [sp, #-68];                                                                      MOVXM p6, #(TGT_Faverage_pooling_288 + 0)
	   252    0x07 0xf8 0x6c 0x59                                                              LDA r22, [sp, #-64]
	   256    0x07 0xf9 0x66 0x59                                                              LDA r19, [sp, #-56]
	   260    0x0f 0xf6 0xea 0x19                                                                                                                          ST r21, [sp, #-76]
	   264    0x0f 0xf6 0x7e 0x99                                                                                                                          ST p7, [sp, #-80]
	   268    0x07 0xf9 0xe8 0x59                                                              LDA r20, [sp, #-52]
	   272    0x07 0xfa 0x6a 0x59                                                              LDA r21, [sp, #-48]
	   276    0x16 0x31 0x00 0x99                                                                                                                                                        ADD r24, r24, r16
	   280    0x1f 0x3c 0x16 0x59                                                                                                                                                                                      MOV p7, r24
	   284    0x18 0x2b 0x16 0x59                                                                                                                                                                                      MOV m0, r22
.label TGT_Faverage_pooling_288
.loop_nesting 3
	   288    0x98 0x00 0xf8 0x40 0x01 0x95                                                                                                                                              JNZ r19, #TGT_Faverage_pooling_496
.delay_slot
.swstall delay_slot
	   294    0x00 0x01                                                                        NOPX
.delay_slot
.swstall delay_slot
	   296    0x00 0x01                                                                        NOPX
.delay_slot
.swstall delay_slot
	   298    0x00 0x01                                                                        NOPX
.delay_slot
.swstall delay_slot
	   300    0x00 0x01                                                                        NOPX
.delay_slot
.swstall delay_slot
	   302    0x00 0x01                                                                        NOPX
	   304    0x1e 0x3e 0x76 0x59                                                                                                                                                                                      MOV p6, p7
	   308    0x00 0x00 0x00 0x00 0x00 0x00 0x00 0x02 0xbd 0x0b 0x20 0xf7                      NOPA;                         NOPB;                         NOPS;                                                       MOV lc, r20
.label ZLS_Faverage_pooling_320
.loop_nesting 4
.begin_of_loop
	   320    0x18 0x20 0x26 0x99                                                                                                                                                                                      MOV m0, #8
	   324    0x06 0x09 0x03 0xd9                                                              LDA.u8 r1, [p6], m0
.no_stack_arguments
	   328    0x00 0x00 0x00 0x00 0x01 0x15                                                                                                                                              JL #int32_to_float32
.delay_slot
.swstall delay_slot
	   334    0x00 0x01                                                                        NOPX
.delay_slot
.swstall delay_slot
	   336    0x00 0x01                                                                        NOPX
.delay_slot
.swstall delay_slot
	   338    0x00 0x01                                                                        NOPX
.delay_slot
.swstall delay_slot
	   340    0x00 0x01                                                                        NOPX
.delay_slot
.swstall delay_slot
	   342    0x00 0x00 0x00 0x00 0x00 0x00 0x00 0x03 0x8e 0xbb                                NOPA;                         NOPB;                                                                                     NOPM
.return_address
.no_stack_arguments
	   352    0x00 0x00 0x00 0x00 0x00 0x00 0x00 0x00 0x00 0x00 0x00 0x00 0x40 0x00 0x03 0xc0  NOPA;                         NOPB;                         NOPS;                         JL #float32_add;                                                      NOPV
.delay_slot
	   368    0x00 0x00 0x00 0x00 0x00 0x00 0x00 0x00 0x00 0x00 0x25 0xcb 0x28 0x00 0x03 0xc0  NOPA;                         NOPB;                         NOPS;                         NOPX;                         MOV r1, r23;                            NOPV
.delay_slot
	   384    0x00 0x00 0x00 0x00 0x00 0x00 0x00 0x00 0x00 0x00 0x40 0x0b 0x28 0x00 0x03 0xc0  NOPA;                         NOPB;                         NOPS;                         NOPX;                         MOV r2, r0;                             NOPV
.delay_slot
.swstall delay_slot
	   400    0x00 0x00 0x00 0x00 0x00 0x00 0x00 0x00 0x00 0x00 0x00 0x03 0x88 0x00 0x03 0xc0  NOPA;                         NOPB;                         NOPS;                         NOPX;                         NOPM;                                   NOPV
.delay_slot
.swstall delay_slot
	   416    0x00 0x00 0x00 0x00 0x00 0x00 0x00 0x00 0x00 0x00 0x00 0x03 0x88 0x00 0x03 0xc0  NOPA;                         NOPB;                         NOPS;                         NOPX;                         NOPM;                                   NOPV
.delay_slot
.swstall delay_slot
	   432    0x00 0x00 0x00 0x00 0x00 0x00 0x00 0x00 0x00 0x00 0x00 0x03 0x88 0x00 0x03 0xc0  NOPA;                         NOPB;                         NOPS;                         NOPX;                         NOPM;                                   NOPV
.return_address
	   448    0x00 0x00 0x00 0x00 0x00 0x00 0x00 0x00 0x00 0x02 0xe0 0x0b 0x28 0x00 0x03 0xc0  NOPA;                         NOPB;                         NOPS;                         NOPX;                         MOV r23, r0;                            NOPV
.label ZLE_Faverage_pooling_464
.end_of_loop
.swstall bsr_to_loop_end
	   464    0x00 0x00 0x00 0x00 0x00 0x00 0x00 0x00 0x00 0x00 0x00 0x03 0x88 0x00 0x03 0xc0  NOPA;                         NOPB;                         NOPS;                         NOPX;                         NOPM;                                   NOPV
.loop_nesting 3
	   480    0x18 0x2b 0x16 0x59                                                                                                                                                                                      MOV m0, r22
	   484    0x00 0x00 0x00 0x00 0x00 0x00 0x00 0x03 0x18 0x90 0x10 0xb7                      NOPA;                         NOPB;                                                       MOVXM p6, #(TGT_Faverage_pooling_288 + 0)
.label TGT_Faverage_pooling_496
	   496    0x15 0x6b 0x8c 0x19                                                                                                                                                        JNZD r21, r21, p6
.delay_slot
	   500    0x3f 0x0b 0x08 0x19                                                                                            PADDB [p7], m0
.delay_slot
.swstall delay_slot
	   504    0x00 0x01                                                                        NOPX
.delay_slot
.swstall delay_slot
	   506    0x00 0x01                                                                        NOPX
.delay_slot
.swstall delay_slot
	   508    0x00 0x01                                                                        NOPX
.delay_slot
.swstall delay_slot
	   510    0x00 0x01                                                                        NOPX
.loop_nesting 2
	   512    0xfe 0xdd 0x48 0x01 0x70 0x08 0x25 0xcb 0x28 0xbb                                LDA r21, [sp, #-76];                                                                      MOVX r23, #0;                 MOV r1, r23
	   522    0xfe 0xcf 0xd8 0x20 0x00 0x02 0x60 0x00 0x10 0xbb                                LDA p7, [sp, #-80];                                                                       MOVXM r19, #-2147483648
	   532    0x00 0x00 0x00 0x00 0x00 0x00 0x00 0x03 0x18 0x70 0x10 0xb7                      NOPA;                         NOPB;                                                       MOVXM p6, #(TGT_Faverage_pooling_224 + 0)
.label TGT_Faverage_pooling_544
	   544    0x00 0x01                                                                        NOPX
	   546    0x00 0x01                                                                        NOPX
	   548    0x00 0x01                                                                        NOPX
.no_stack_arguments
	   550    0x00 0x00 0x00 0x00 0x01 0x15                                                                                                                                              JL #float32_div
.delay_slot
	   556    0x18 0x8a 0x96 0x59                                                                                                                                                                                      MOV r2, r21
.delay_slot
.swstall delay_slot
	   560    0x00 0x01                                                                        NOPX
.delay_slot
.swstall delay_slot
	   562    0x00 0x01                                                                        NOPX
.delay_slot
.swstall delay_slot
	   564    0x00 0x01                                                                        NOPX
.delay_slot
.swstall delay_slot
	   566    0x00 0x00 0x00 0x00 0x00 0x00 0x00 0x03 0x8e 0xbb                                NOPA;                         NOPB;                                                                                     NOPM
.return_address
.no_stack_arguments
	   576    0x00 0x00 0x00 0x00 0x01 0x15                                                                                                                                              JL #float32_le
.delay_slot
	   582    0x1d 0x80 0x16 0x59                                                                                                                                                                                      MOV r22, r0
.delay_slot
	   586    0x4f 0x00 0x00 0x80 0x00 0x55                                                                                                                                              MOVXM r1, #1325400064
.delay_slot
	   592    0x18 0x8b 0x16 0x59                                                                                                                                                                                      MOV r2, r22
.delay_slot
.swstall delay_slot
	   596    0x00 0x01                                                                        NOPX
.delay_slot
.swstall delay_slot
	   598    0x00 0x00 0x00 0x00 0x00 0x00 0x00 0x03 0x8e 0xbb                                NOPA;                         NOPB;                                                                                     NOPM
.return_address
	   608    0x00 0x01 0x50 0x40 0x01 0x95                                                                                                                                              JNZ r0, #TGT_Faverage_pooling_672
.delay_slot
.swstall delay_slot
	   614    0x00 0x01                                                                        NOPX
.delay_slot
.swstall delay_slot
	   616    0x00 0x01                                                                        NOPX
.delay_slot
.swstall delay_slot
	   618    0x00 0x01                                                                        NOPX
.delay_slot
.swstall delay_slot
	   620    0x00 0x01                                                                        NOPX
.delay_slot
.swstall delay_slot
	   622    0x00 0x01                                                                        NOPX
.no_stack_arguments
	   624    0x00 0x00 0x00 0x00 0x01 0x15                                                                                                                                              JL #float32_to_int32_round_to_zero
.delay_slot
	   630    0x18 0x4b 0x16 0x59                                                                                                                                                                                      MOV r1, r22
.delay_slot
.swstall delay_slot
	   634    0x00 0x01                                                                        NOPX
.delay_slot
.swstall delay_slot
	   636    0x00 0x01                                                                        NOPX
.delay_slot
.swstall delay_slot
	   638    0x00 0x01                                                                        NOPX
.delay_slot
.swstall delay_slot
	   640    0x00 0x00 0x00 0x00 0x00 0x00 0x00 0x00 0x00 0x00 0x00 0x03 0x88 0x00 0x03 0xc0  NOPA;                         NOPB;                         NOPS;                         NOPX;                         NOPM;                                   NOPV
.return_address
	   656    0x00 0x01 0x78 0x00 0x00 0x95                                                                                                                                              J #TGT_Faverage_pooling_752
.delay_slot
.swstall delay_slot
	   662    0x00 0x01                                                                        NOPX
.delay_slot
.swstall delay_slot
	   664    0x00 0x01                                                                        NOPX
.delay_slot
.swstall delay_slot
	   666    0x00 0x01                                                                        NOPX
.delay_slot
.swstall delay_slot
	   668    0x00 0x01                                                                        NOPX
.delay_slot
.swstall delay_slot
	   670    0x00 0x01                                                                        NOPX
.label TGT_Faverage_pooling_672
.no_stack_arguments
	   672    0x00 0x00 0x00 0x00 0x01 0x15                                                                                                                                              JL #float32_sub
.delay_slot
	   678    0x18 0x4b 0x16 0x59                                                                                                                                                                                      MOV r1, r22
.delay_slot
	   682    0x4f 0x00 0x01 0x00 0x00 0x55                                                                                                                                              MOVXM r2, #1325400064
.delay_slot
.swstall delay_slot
	   688    0x00 0x01                                                                        NOPX
.delay_slot
.swstall delay_slot
	   690    0x00 0x01                                                                        NOPX
.delay_slot
.swstall delay_slot
	   692    0x00 0x00 0x00 0x00 0x00 0x00 0x00 0x00 0x00 0x00 0x01 0x37                      NOPA;                         NOPB;                         NOPS;                         NOPX
.return_address
.no_stack_arguments
	   704    0x00 0x00 0x00 0x00 0x01 0x15                                                                                                                                              JL #float32_to_int32_round_to_zero
.delay_slot
	   710    0x18 0x40 0x16 0x59                                                                                                                                                                                      MOV r1, r0
.delay_slot
.swstall delay_slot
	   714    0x00 0x01                                                                        NOPX
.delay_slot
.swstall delay_slot
	   716    0x00 0x01                                                                        NOPX
.delay_slot
.swstall delay_slot
	   718    0x00 0x01                                                                        NOPX
.delay_slot
.swstall delay_slot
	   720    0x00 0x00 0x00 0x00 0x00 0x00 0x00 0x00 0x00 0x00 0x00 0x03 0x88 0x00 0x03 0xc0  NOPA;                         NOPB;                         NOPS;                         NOPX;                         NOPM;                                   NOPV
.return_address
	   736    0x00 0x00 0x00 0x00 0x00 0x00 0x00 0x26 0x00 0x04 0x00 0x03 0x88 0x00 0x03 0xc0  NOPA;                         NOPB;                         NOPS;                         ADD r0, r19, r0;              NOPM;                                   NOPV
.label TGT_Faverage_pooling_752
	   752    0x14 0x63 0x8c 0x19                                                                                                                                                        JNZD r17, r17, p6
.delay_slot
	   756    0xe2 0xa0 0x04 0x08 0x06 0xed                                                    ST.s8 r0, [p7], #1;                                                                                                     ADD.NC r16, r16, #1
.delay_slot
.swstall delay_slot
	   762    0x00 0x01                                                                        NOPX
.delay_slot
.swstall delay_slot
	   764    0x00 0x01                                                                        NOPX
.delay_slot
.swstall delay_slot
	   766    0x00 0x01                                                                        NOPX
.delay_slot
.swstall delay_slot
	   768    0x00 0x01                                                                        NOPX
.loop_nesting 1
	   770    0xfe 0xee 0x48 0x00 0x00 0x00 0x98 0x68 0x10 0xbb                                LDA r25, [sp, #-72];                                                                      MOVXM p1, #(TGT_Faverage_pooling_208 + 0)
	   780    0x00 0x01                                                                        NOPX
	   782    0x07 0xf8 0xf0 0x59                                                              LDA r24, [sp, #-60]
	   786    0x07 0xf7 0xf4 0x59                                                              LDA r26, [sp, #-68]
	   790    0x00 0x01                                                                        NOPX
	   792    0x00 0x01                                                                        NOPX
	   794    0x00 0x01                                                                        NOPX
	   796    0x16 0x76 0x4c 0x19                                                                                                                                                        JNZD r27, r25, p1
.delay_slot
.swstall delay_slot
	   800    0x00 0x01                                                                        NOPX
.delay_slot
.swstall delay_slot
	   802    0x00 0x01                                                                        NOPX
.delay_slot
.swstall delay_slot
	   804    0x00 0x01                                                                        NOPX
.delay_slot
	   806    0x16 0xb1 0x80 0x99                                                                                                                                                        ADD r24, r26, r24
.delay_slot
	   810    0xfe 0xfe 0x00 0x02 0x04 0x3b 0x30 0x03                                                                                                      ST r24, [sp, #-68];                                         ADD.NC r16, r16, #-8
.loop_nesting 0
	   818    0x00 0x01 0xb0 0x00 0x00 0x95                                                                                                                                              J #TGT_Faverage_pooling_864
.delay_slot
.swstall delay_slot
	   824    0x00 0x01                                                                        NOPX
.delay_slot
.swstall delay_slot
	   826    0x00 0x01                                                                        NOPX
.delay_slot
.swstall delay_slot
	   828    0x00 0x01                                                                        NOPX
.delay_slot
.swstall delay_slot
	   830    0x00 0x01                                                                        NOPX
.delay_slot
.swstall delay_slot
	   832    0x00 0x00 0x00 0x00 0x00 0x00 0x00 0x00 0x00 0x00 0x00 0x03 0x88 0x00 0x03 0xc0  NOPA;                         NOPB;                         NOPS;                         NOPX;                         NOPM;                                   NOPV
.label TGT_Faverage_pooling_848
	   848    0x0f 0xfa 0xf6 0x99                                                                                                                          ST p6, [sp, #-44]
	   852    0x0f 0xfb 0x62 0x19                                                                                                                          ST r17, [sp, #-40]
	   856    0x0f 0xfb 0xe6 0x19                                                                                                                          ST r19, [sp, #-36]
	   860    0x0f 0xfc 0x68 0x19                                                                                                                          ST r20, [sp, #-32]
.label TGT_Faverage_pooling_864
	   864    0x07 0xff 0xc2 0xd9                                                              LDA lr, [sp, #-4]
	   868    0x07 0xfc 0x68 0x59                                                              LDA r20, [sp, #-32]
	   872    0x07 0xff 0x6c 0x59                                                              LDA r22, [sp, #-8]
	   876    0x07 0xfe 0xea 0x59                                                              LDA r21, [sp, #-12]
	   880    0x07 0xfb 0xe6 0x59                                                              LDA r19, [sp, #-36]
	   884    0x07 0xfe 0x64 0x59                                                              LDA r18, [sp, #-16]
	   888    0x07 0xfb 0x62 0x59                                                              LDA r17, [sp, #-40]
	   892    0x07 0xfd 0xee 0x59                                                              LDA r23, [sp, #-20]
	   896    0x07 0xfd 0x60 0x59                                                              LDA r16, [sp, #-24]
	   900    0x07 0xfc 0xfe 0xd9                                                              LDA p7, [sp, #-28]
	   904    0x07 0xfa 0xf6 0xd9                                                              LDA p6, [sp, #-44]
	   908    0x10 0x00 0x18 0x19                                                                                                                                                        RET lr
.delay_slot
.swstall delay_slot
	   912    0x00 0x01                                                                        NOPX
.delay_slot
.swstall delay_slot
	   914    0x00 0x01                                                                        NOPX
.delay_slot
.swstall delay_slot
	   916    0x00 0x01                                                                        NOPX
.delay_slot
.swstall delay_slot
	   918    0x00 0x01                                                                        NOPX
.label average_pooling__end last
.delay_slot
	   920    0x00 0x00 0x07 0xff 0xa2 0x00 0x10 0x13                                          NOPA;                         PADDB [sp], #-96;                                           EVENT #1

.undef global text float32_le

.undef global text float32_add

.undef global text float32_div

.undef global text int32_to_float32

.undef global text float32_sub

.undef global text float32_to_int32_round_to_zero



.direct_eval +,-,(,)
